[0.273s] Invoking command in '/home/rsa2021/comp3431-team-neo/starter_code/build/zbar_ros': AMENT_PREFIX_PATH=/home/rsa2021/comp3431-team-neo/starter_code/install/zbar_ros_interfaces:${AMENT_PREFIX_PATH} CMAKE_PREFIX_PATH=/home/rsa2021/comp3431-team-neo/starter_code/install/zbar_ros_interfaces:/home/rsa2021/comp3431-team-neo/starter_code/install/point_pubsub:/home/rsa2021/comp3431-team-neo/starter_code/install/comp3431_starter:/opt/ros/foxy LD_LIBRARY_PATH=/home/rsa2021/comp3431-team-neo/starter_code/install/zbar_ros_interfaces/lib:${LD_LIBRARY_PATH} PYTHONPATH=/home/rsa2021/comp3431-team-neo/starter_code/install/zbar_ros_interfaces/lib/python3.8/site-packages:${PYTHONPATH} /usr/bin/cmake /home/rsa2021/comp3431-team-neo/starter_code/src/comp3431-rsa/zbar_ros/zbar_ros -DCMAKE_INSTALL_PREFIX=/home/rsa2021/comp3431-team-neo/starter_code/install/zbar_ros
[0.960s] -- The C compiler identification is GNU 9.3.0
[1.313s] -- The CXX compiler identification is GNU 9.3.0
[1.411s] -- Check for working C compiler: /usr/bin/cc
[2.058s] -- Check for working C compiler: /usr/bin/cc -- works
[2.067s] -- Detecting C compiler ABI info
[2.488s] -- Detecting C compiler ABI info - done
[2.567s] -- Detecting C compile features
[2.568s] -- Detecting C compile features - done
[2.587s] -- Check for working CXX compiler: /usr/bin/c++
[3.092s] -- Check for working CXX compiler: /usr/bin/c++ -- works
[3.093s] -- Detecting CXX compiler ABI info
[3.543s] -- Detecting CXX compiler ABI info - done
[3.633s] -- Detecting CXX compile features
[3.634s] -- Detecting CXX compile features - done
[3.689s] -- Found ament_cmake: 0.9.8 (/opt/ros/foxy/share/ament_cmake/cmake)
[3.937s] -- Found PythonInterp: /usr/bin/python3 (found suitable version "3.8.10", minimum required is "3") 
[3.937s] -- Using PYTHON_EXECUTABLE: /usr/bin/python3
[5.723s] -- Found rclcpp: 2.3.1 (/opt/ros/foxy/share/rclcpp/cmake)
[6.109s] -- Using all available rosidl_typesupport_c: rosidl_typesupport_fastrtps_c;rosidl_typesupport_introspection_c
[6.157s] -- Found rosidl_adapter: 1.2.1 (/opt/ros/foxy/share/rosidl_adapter/cmake)
[6.922s] -- Found OpenSSL: /usr/lib/x86_64-linux-gnu/libcrypto.so (found version "1.1.1f")  
[7.029s] -- Found FastRTPS: /opt/ros/foxy/include  
[7.379s] -- Using all available rosidl_typesupport_cpp: rosidl_typesupport_fastrtps_cpp;rosidl_typesupport_introspection_cpp
[7.714s] -- Found rmw_implementation_cmake: 1.0.3 (/opt/ros/foxy/share/rmw_implementation_cmake/cmake)
[7.730s] -- Using RMW implementation 'rmw_fastrtps_cpp' as default
[7.735s] -- Looking for pthread.h
[8.195s] -- Looking for pthread.h - found
[8.198s] -- Performing Test CMAKE_HAVE_LIBC_PTHREAD
[8.719s] -- Performing Test CMAKE_HAVE_LIBC_PTHREAD - Failed
[8.734s] -- Looking for pthread_create in pthreads
[9.165s] -- Looking for pthread_create in pthreads - not found
[9.168s] -- Looking for pthread_create in pthread
[9.755s] -- Looking for pthread_create in pthread - found
[9.757s] -- Found Threads: TRUE  
[10.535s] -- Found sensor_msgs: 2.0.4 (/opt/ros/foxy/share/sensor_msgs/cmake)
[11.103s] -- Found zbar_ros_interfaces: 0.0.0 (/home/rsa2021/comp3431-team-neo/starter_code/install/zbar_ros_interfaces/share/zbar_ros_interfaces/cmake)
[11.374s] -- Found cv_bridge: 2.2.1 (/opt/ros/foxy/share/cv_bridge/cmake)
[11.544s] -- Found ament_lint_auto: 0.9.6 (/opt/ros/foxy/share/ament_lint_auto/cmake)
[12.222s] -- Added test 'cppcheck' to perform static code analysis on C / C++ code
[12.222s] -- Configured cppcheck include dirs: /home/rsa2021/comp3431-team-neo/starter_code/src/comp3431-rsa/zbar_ros/zbar_ros/include
[12.222s] -- Configured cppcheck exclude dirs and/or files: 
[12.231s] -- Added test 'cpplint' to check C / C++ code against the Google style
[12.232s] -- Configured cpplint exclude dirs and/or files: 
[12.245s] -- Added test 'lint_cmake' to check CMake code style
[12.247s] -- Added test 'uncrustify' to check C / C++ code style
[12.248s] -- Configured uncrustify additional arguments: 
[12.250s] -- Added test 'xmllint' to check XML markup files
[12.267s] -- Configuring done
[12.404s] -- Generating done
[12.426s] -- Build files have been written to: /home/rsa2021/comp3431-team-neo/starter_code/build/zbar_ros
[12.490s] Invoked command in '/home/rsa2021/comp3431-team-neo/starter_code/build/zbar_ros' returned '0': AMENT_PREFIX_PATH=/home/rsa2021/comp3431-team-neo/starter_code/install/zbar_ros_interfaces:${AMENT_PREFIX_PATH} CMAKE_PREFIX_PATH=/home/rsa2021/comp3431-team-neo/starter_code/install/zbar_ros_interfaces:/home/rsa2021/comp3431-team-neo/starter_code/install/point_pubsub:/home/rsa2021/comp3431-team-neo/starter_code/install/comp3431_starter:/opt/ros/foxy LD_LIBRARY_PATH=/home/rsa2021/comp3431-team-neo/starter_code/install/zbar_ros_interfaces/lib:${LD_LIBRARY_PATH} PYTHONPATH=/home/rsa2021/comp3431-team-neo/starter_code/install/zbar_ros_interfaces/lib/python3.8/site-packages:${PYTHONPATH} /usr/bin/cmake /home/rsa2021/comp3431-team-neo/starter_code/src/comp3431-rsa/zbar_ros/zbar_ros -DCMAKE_INSTALL_PREFIX=/home/rsa2021/comp3431-team-neo/starter_code/install/zbar_ros
[12.493s] Invoking command in '/home/rsa2021/comp3431-team-neo/starter_code/build/zbar_ros': AMENT_PREFIX_PATH=/home/rsa2021/comp3431-team-neo/starter_code/install/zbar_ros_interfaces:${AMENT_PREFIX_PATH} CMAKE_PREFIX_PATH=/home/rsa2021/comp3431-team-neo/starter_code/install/zbar_ros_interfaces:/home/rsa2021/comp3431-team-neo/starter_code/install/point_pubsub:/home/rsa2021/comp3431-team-neo/starter_code/install/comp3431_starter:/opt/ros/foxy LD_LIBRARY_PATH=/home/rsa2021/comp3431-team-neo/starter_code/install/zbar_ros_interfaces/lib:${LD_LIBRARY_PATH} PYTHONPATH=/home/rsa2021/comp3431-team-neo/starter_code/install/zbar_ros_interfaces/lib/python3.8/site-packages:${PYTHONPATH} /usr/bin/cmake --build /home/rsa2021/comp3431-team-neo/starter_code/build/zbar_ros -- -j3 -l3
[12.845s] [35m[1mScanning dependencies of target barcode_reader_node[0m
[13.643s] [ 25%] [32mBuilding CXX object CMakeFiles/barcode_reader_node.dir/src/barcode_reader_node.cpp.o[0m
[14.797s] In file included from [01m[K/home/rsa2021/comp3431-team-neo/starter_code/src/comp3431-rsa/zbar_ros/zbar_ros/src/barcode_reader_node.cpp:33[m[K:
[14.803s] [01m[K/home/rsa2021/comp3431-team-neo/starter_code/src/comp3431-rsa/zbar_ros/zbar_ros/include/zbar_ros/barcode_reader_node.hpp:35:10:[m[K [01;31m[Kfatal error: [m[K./zbar.h: No such file or directory
[14.805s]    35 | #include [01;31m[K"./zbar.h"[m[K
[14.807s]       |          [01;31m[K^~~~~~~~~~[m[K
[14.807s] compilation terminated.
[14.811s] make[2]: *** [CMakeFiles/barcode_reader_node.dir/build.make:63: CMakeFiles/barcode_reader_node.dir/src/barcode_reader_node.cpp.o] Error 1
[14.813s] make[1]: *** [CMakeFiles/Makefile2:80: CMakeFiles/barcode_reader_node.dir/all] Error 2
[14.813s] make: *** [Makefile:141: all] Error 2
[14.816s] Invoked command in '/home/rsa2021/comp3431-team-neo/starter_code/build/zbar_ros' returned '2': AMENT_PREFIX_PATH=/home/rsa2021/comp3431-team-neo/starter_code/install/zbar_ros_interfaces:${AMENT_PREFIX_PATH} CMAKE_PREFIX_PATH=/home/rsa2021/comp3431-team-neo/starter_code/install/zbar_ros_interfaces:/home/rsa2021/comp3431-team-neo/starter_code/install/point_pubsub:/home/rsa2021/comp3431-team-neo/starter_code/install/comp3431_starter:/opt/ros/foxy LD_LIBRARY_PATH=/home/rsa2021/comp3431-team-neo/starter_code/install/zbar_ros_interfaces/lib:${LD_LIBRARY_PATH} PYTHONPATH=/home/rsa2021/comp3431-team-neo/starter_code/install/zbar_ros_interfaces/lib/python3.8/site-packages:${PYTHONPATH} /usr/bin/cmake --build /home/rsa2021/comp3431-team-neo/starter_code/build/zbar_ros -- -j3 -l3
