[0.126s] Invoking command in '/home/rsa2021/comp3431-team-neo/starter_code/build/point_pubsub': CMAKE_PREFIX_PATH=${CMAKE_PREFIX_PATH}:/opt/ros/foxy /usr/bin/cmake --build /home/rsa2021/comp3431-team-neo/starter_code/build/point_pubsub -- -j3 -l3
[1.442s] [35m[1mScanning dependencies of target point_tf[0m
[1.996s] [ 50%] [32mBuilding CXX object CMakeFiles/point_tf.dir/src/publisher_member_function.cpp.o[0m
[21.414s] [01m[K/home/rsa2021/comp3431-team-neo/starter_code/src/comp3431-rsa/point_pubsub/src/publisher_member_function.cpp:[m[K In constructor â€˜[01m[KPointTf::PointTf()[m[Kâ€™:
[21.415s] [01m[K/home/rsa2021/comp3431-team-neo/starter_code/src/comp3431-rsa/point_pubsub/src/publisher_member_function.cpp:28:5:[m[K [01;31m[Kerror: [m[Kâ€˜[01m[Ksubscription_[m[Kâ€™ was not declared in this scope; did you mean â€˜[01m[Ksubscriber_[m[Kâ€™?
[21.416s]    28 |     [01;31m[Ksubscription_[m[K = this->create_subscription<geometry_msgs::msg::PointStamped>(
[21.417s]       |     [01;31m[K^~~~~~~~~~~~~[m[K
[21.417s]       |     [32m[Ksubscriber_[m[K
[21.417s] [01m[K/home/rsa2021/comp3431-team-neo/starter_code/src/comp3431-rsa/point_pubsub/src/publisher_member_function.cpp:29:60:[m[K [01;31m[Kerror: [m[Kâ€˜[01m[K_1[m[Kâ€™ was not declared in this scope; did you mean â€˜[01m[Kstd::placeholders::_1[m[Kâ€™?
[21.417s]    29 |       "/testPoint", 10, std::bind(&PointTf::convert, this, [01;31m[K_1[m[K))
[21.417s]       |                                                            [01;31m[K^~[m[K
[21.417s]       |                                                            [32m[Kstd::placeholders::_1[m[K
[21.418s] In file included from [01m[K/opt/ros/foxy/include/rclcpp/context.hpp:19[m[K,
[21.418s]                  from [01m[K/opt/ros/foxy/include/rclcpp/contexts/default_context.hpp:18[m[K,
[21.418s]                  from [01m[K/opt/ros/foxy/include/rclcpp/executor.hpp:32[m[K,
[21.418s]                  from [01m[K/opt/ros/foxy/include/rclcpp/executors/multi_threaded_executor.hpp:25[m[K,
[21.418s]                  from [01m[K/opt/ros/foxy/include/rclcpp/executors.hpp:21[m[K,
[21.418s]                  from [01m[K/opt/ros/foxy/include/rclcpp/rclcpp.hpp:146[m[K,
[21.419s]                  from [01m[K/home/rsa2021/comp3431-team-neo/starter_code/src/comp3431-rsa/point_pubsub/src/publisher_member_function.cpp:4[m[K:
[21.419s] [01m[K/usr/include/c++/9/functional:211:34:[m[K [01;36m[Knote: [m[Kâ€˜[01m[Kstd::placeholders::_1[m[Kâ€™ declared here
[21.419s]   211 |     extern const _Placeholder<1> [01;36m[K_1[m[K;
[21.419s]       |                                  [01;36m[K^~[m[K
[27.992s] make[2]: *** [CMakeFiles/point_tf.dir/build.make:63: CMakeFiles/point_tf.dir/src/publisher_member_function.cpp.o] Error 1
[27.999s] make[1]: *** [CMakeFiles/Makefile2:78: CMakeFiles/point_tf.dir/all] Error 2
[28.000s] make: *** [Makefile:141: all] Error 2
[28.030s] Invoked command in '/home/rsa2021/comp3431-team-neo/starter_code/build/point_pubsub' returned '2': CMAKE_PREFIX_PATH=${CMAKE_PREFIX_PATH}:/opt/ros/foxy /usr/bin/cmake --build /home/rsa2021/comp3431-team-neo/starter_code/build/point_pubsub -- -j3 -l3
