[0.081s] Invoking command in '/home/rsa2021/comp3431-team-neo/starter_code/build/point_pubsub': CMAKE_PREFIX_PATH=${CMAKE_PREFIX_PATH}:/opt/ros/foxy /usr/bin/cmake --build /home/rsa2021/comp3431-team-neo/starter_code/build/point_pubsub -- -j3 -l3
[0.974s] -- Found ament_cmake: 0.9.8 (/opt/ros/foxy/share/ament_cmake/cmake)
[1.307s] -- Using PYTHON_EXECUTABLE: /usr/bin/python3
[2.654s] -- Found rclcpp: 2.3.1 (/opt/ros/foxy/share/rclcpp/cmake)
[3.023s] -- Using all available rosidl_typesupport_c: rosidl_typesupport_fastrtps_c;rosidl_typesupport_introspection_c
[3.062s] -- Found rosidl_adapter: 1.2.1 (/opt/ros/foxy/share/rosidl_adapter/cmake)
[3.882s] -- Using all available rosidl_typesupport_cpp: rosidl_typesupport_fastrtps_cpp;rosidl_typesupport_introspection_cpp
[4.129s] -- Found rmw_implementation_cmake: 1.0.3 (/opt/ros/foxy/share/rmw_implementation_cmake/cmake)
[4.140s] -- Using RMW implementation 'rmw_fastrtps_cpp' as default
[4.947s] -- Found visualization_msgs: 2.0.4 (/opt/ros/foxy/share/visualization_msgs/cmake)
[5.306s] -- Found ament_lint_auto: 0.9.6 (/opt/ros/foxy/share/ament_lint_auto/cmake)
[5.594s] -- Added test 'copyright' to check source files copyright and LICENSE
[5.604s] -- Added test 'cppcheck' to perform static code analysis on C / C++ code
[5.604s] -- Configured cppcheck include dirs: 
[5.604s] -- Configured cppcheck exclude dirs and/or files: 
[5.607s] -- Added test 'cpplint' to check C / C++ code against the Google style
[5.607s] -- Configured cpplint exclude dirs and/or files: 
[5.612s] -- Added test 'lint_cmake' to check CMake code style
[5.617s] -- Added test 'uncrustify' to check C / C++ code style
[5.617s] -- Configured uncrustify additional arguments: 
[5.621s] -- Added test 'xmllint' to check XML markup files
[5.636s] -- Configuring done
[5.673s] -- Generating done
[5.677s] -- Build files have been written to: /home/rsa2021/comp3431-team-neo/starter_code/build/point_pubsub
[5.907s] [35m[1mScanning dependencies of target point_tf[0m
[6.062s] [ 50%] [32mBuilding CXX object CMakeFiles/point_tf.dir/src/publisher_member_function.cpp.o[0m
[8.511s] [01m[K/home/rsa2021/comp3431-team-neo/starter_code/src/comp3431-rsa/point_pubsub/src/publisher_member_function.cpp:8:10:[m[K [01;31m[Kfatal error: [m[Ktransform_listener.hpp: No such file or directory
[8.511s]     8 | #include [01;31m[K<transform_listener.hpp>[m[K
[8.511s]       |          [01;31m[K^~~~~~~~~~~~~~~~~~~~~~~~[m[K
[8.511s] compilation terminated.
[8.540s] make[2]: *** [CMakeFiles/point_tf.dir/build.make:63: CMakeFiles/point_tf.dir/src/publisher_member_function.cpp.o] Error 1
[8.541s] make[1]: *** [CMakeFiles/Makefile2:78: CMakeFiles/point_tf.dir/all] Error 2
[8.541s] make: *** [Makefile:141: all] Error 2
[8.583s] Invoked command in '/home/rsa2021/comp3431-team-neo/starter_code/build/point_pubsub' returned '2': CMAKE_PREFIX_PATH=${CMAKE_PREFIX_PATH}:/opt/ros/foxy /usr/bin/cmake --build /home/rsa2021/comp3431-team-neo/starter_code/build/point_pubsub -- -j3 -l3
