[0.065s] Invoking command in '/home/rsa2021/comp3431-team-neo/starter_code/build/point_pubsub': CMAKE_PREFIX_PATH=${CMAKE_PREFIX_PATH}:/opt/ros/foxy /usr/bin/cmake --build /home/rsa2021/comp3431-team-neo/starter_code/build/point_pubsub -- -j3 -l3
[0.348s] [35m[1mScanning dependencies of target point_tf[0m
[0.527s] [ 50%] [32mBuilding CXX object CMakeFiles/point_tf.dir/src/publisher_member_function.cpp.o[0m
[12.542s] [01m[K/home/rsa2021/comp3431-team-neo/starter_code/src/comp3431-rsa/point_pubsub/src/publisher_member_function.cpp:[m[K In constructor â€˜[01m[KPointTf::PointTf()[m[Kâ€™:
[12.543s] [01m[K/home/rsa2021/comp3431-team-neo/starter_code/src/comp3431-rsa/point_pubsub/src/publisher_member_function.cpp:30:5:[m[K [01;31m[Kerror: [m[Kâ€˜[01m[Ktf_buffer_[m[Kâ€™ was not declared in this scope
[12.543s]    30 |     [01;31m[Ktf_buffer_[m[K =
[12.543s]       |     [01;31m[K^~~~~~~~~~[m[K
[12.674s] [01m[K/home/rsa2021/comp3431-team-neo/starter_code/src/comp3431-rsa/point_pubsub/src/publisher_member_function.cpp:[m[K In member function â€˜[01m[Kvisualization_msgs::msg::Marker PointTf::convert(geometry_msgs::msg::PointStamped)[m[Kâ€™:
[12.674s] [01m[K/home/rsa2021/comp3431-team-neo/starter_code/src/comp3431-rsa/point_pubsub/src/publisher_member_function.cpp:75:26:[m[K [01;31m[Kerror: [m[Kâ€˜[01m[Ktf_buffer_[m[Kâ€™ was not declared in this scope
[12.675s]    75 |       transformStamped = [01;31m[Ktf_buffer_[m[K->lookupTransform(
[12.675s]       |                          [01;31m[K^~~~~~~~~~[m[K
[12.678s] [01m[K/home/rsa2021/comp3431-team-neo/starter_code/src/comp3431-rsa/point_pubsub/src/publisher_member_function.cpp:81:7:[m[K [01;31m[Kerror: [m[Kreturn-statement with no value, in function returning â€˜[01m[Kvisualization_msgs::msg::Marker[m[Kâ€™ {aka â€˜[01m[Kvisualization_msgs::msg::Marker_<std::allocator<void> >[m[Kâ€™} [[01;31m[K-fpermissive[m[K]
[12.679s]    81 |       [01;31m[Kreturn[m[K;
[12.679s]       |       [01;31m[K^~~~~~[m[K
[25.577s] make[2]: *** [CMakeFiles/point_tf.dir/build.make:63: CMakeFiles/point_tf.dir/src/publisher_member_function.cpp.o] Error 1
[25.578s] make[1]: *** [CMakeFiles/Makefile2:78: CMakeFiles/point_tf.dir/all] Error 2
[25.578s] make: *** [Makefile:141: all] Error 2
[25.593s] Invoked command in '/home/rsa2021/comp3431-team-neo/starter_code/build/point_pubsub' returned '2': CMAKE_PREFIX_PATH=${CMAKE_PREFIX_PATH}:/opt/ros/foxy /usr/bin/cmake --build /home/rsa2021/comp3431-team-neo/starter_code/build/point_pubsub -- -j3 -l3
