[0.061s] Invoking command in '/home/rsa2021/comp3431-team-neo/starter_code/build/point_pubsub': CMAKE_PREFIX_PATH=${CMAKE_PREFIX_PATH}:/opt/ros/foxy /usr/bin/cmake --build /home/rsa2021/comp3431-team-neo/starter_code/build/point_pubsub -- -j3 -l3
[0.412s] [35m[1mScanning dependencies of target point_tf[0m
[0.564s] [ 50%] [32mBuilding CXX object CMakeFiles/point_tf.dir/src/publisher_member_function.cpp.o[0m
[9.053s] [01m[K/home/rsa2021/comp3431-team-neo/starter_code/src/comp3431-rsa/point_pubsub/src/publisher_member_function.cpp:56:63:[m[K [01;31m[Kerror: [m[Kâ€˜[01m[Kgeometry_msgs::msg::PointStamped[m[Kâ€™ has not been declared
[9.053s]    56 |   visualization_msgs::msg::Marker convert(geometry_msgs::msg::[01;31m[KPointStamped[m[K & ball)
[9.054s]       |                                                               [01;31m[K^~~~~~~~~~~~[m[K
[9.092s] [01m[K/home/rsa2021/comp3431-team-neo/starter_code/src/comp3431-rsa/point_pubsub/src/publisher_member_function.cpp:83:38:[m[K [01;31m[Kerror: [m[Kâ€˜[01m[Kms[m[Kâ€™ is not a member of â€˜[01m[Kgeometry_msgs[m[Kâ€™; did you mean â€˜[01m[Kmsg[m[Kâ€™?
[9.093s]    83 |     rclcpp::Publisher<geometry_msgs::[01;31m[Kms[m[K::PointStamped::SharedPtr subscriber_;
[9.093s]       |                                      [01;31m[K^~[m[K
[9.093s]       |                                      [32m[Kmsg[m[K
[9.094s] [01m[K/home/rsa2021/comp3431-team-neo/starter_code/src/comp3431-rsa/point_pubsub/src/publisher_member_function.cpp:83:38:[m[K [01;31m[Kerror: [m[Kâ€˜[01m[Kms[m[Kâ€™ is not a member of â€˜[01m[Kgeometry_msgs[m[Kâ€™; did you mean â€˜[01m[Kmsg[m[Kâ€™?
[9.095s]    83 |     rclcpp::Publisher<geometry_msgs::[01;31m[Kms[m[K::PointStamped::SharedPtr subscriber_;
[9.095s]       |                                      [01;31m[K^~[m[K
[9.095s]       |                                      [32m[Kmsg[m[K
[9.095s] [01m[K/home/rsa2021/comp3431-team-neo/starter_code/src/comp3431-rsa/point_pubsub/src/publisher_member_function.cpp:83:66:[m[K [01;31m[Kerror: [m[Ktemplate argument 1 is invalid
[9.096s]    83 |     rclcpp::Publisher<geometry_msgs::ms::PointStamped::SharedPtr [01;31m[Ksubscriber_[m[K;
[9.096s]       |                                                                  [01;31m[K^~~~~~~~~~~[m[K
[9.118s] [01m[K/home/rsa2021/comp3431-team-neo/starter_code/src/comp3431-rsa/point_pubsub/src/publisher_member_function.cpp:[m[K In constructor â€˜[01m[KPointTf::PointTf()[m[Kâ€™:
[9.118s] [01m[K/home/rsa2021/comp3431-team-neo/starter_code/src/comp3431-rsa/point_pubsub/src/publisher_member_function.cpp:22:5:[m[K [01;31m[Kerror: [m[Kâ€˜[01m[Ksubscriber_[m[Kâ€™ was not declared in this scope
[9.119s]    22 |     [01;31m[Ksubscriber_[m[K = this->create_subscription<geometry_msgs::msg::PointStamped>(
[9.119s]       |     [01;31m[K^~~~~~~~~~~[m[K
[9.121s] [01m[K/home/rsa2021/comp3431-team-neo/starter_code/src/comp3431-rsa/point_pubsub/src/publisher_member_function.cpp:22:65:[m[K [01;31m[Kerror: [m[Kâ€˜[01m[KPointStamped[m[Kâ€™ is not a member of â€˜[01m[Kgeometry_msgs::msg[m[Kâ€™
[9.121s]    22 |     subscriber_ = this->create_subscription<geometry_msgs::msg::[01;31m[KPointStamped[m[K>(
[9.121s]       |                                                                 [01;31m[K^~~~~~~~~~~~[m[K
[9.124s] [01m[K/home/rsa2021/comp3431-team-neo/starter_code/src/comp3431-rsa/point_pubsub/src/publisher_member_function.cpp:22:65:[m[K [01;31m[Kerror: [m[Kâ€˜[01m[KPointStamped[m[Kâ€™ is not a member of â€˜[01m[Kgeometry_msgs::msg[m[Kâ€™
[9.124s] [01m[K/home/rsa2021/comp3431-team-neo/starter_code/src/comp3431-rsa/point_pubsub/src/publisher_member_function.cpp:24:34:[m[K [01;31m[Kerror: [m[Kâ€˜[01m[Kgeometry_msgs::msg::PointStamped[m[Kâ€™ has not been declared
[9.125s]    24 |       [this](geometry_msgs::msg::[01;31m[KPointStamped[m[K>::SharedPtr point) {
[9.125s]       |                                  [01;31m[K^~~~~~~~~~~~[m[K
[9.128s] [01m[K/home/rsa2021/comp3431-team-neo/starter_code/src/comp3431-rsa/point_pubsub/src/publisher_member_function.cpp:24:46:[m[K [01;31m[Kerror: [m[Kexpected â€˜[01m[K,[m[Kâ€™ or â€˜[01m[K...[m[Kâ€™ before â€˜[01m[K>[m[Kâ€™ token
[9.128s]    24 |       [this](geometry_msgs::msg::PointStamped[01;31m[K>[m[K::SharedPtr point) {
[9.128s]       |                                              [01;31m[K^[m[K
[9.132s] [01m[K/home/rsa2021/comp3431-team-neo/starter_code/src/comp3431-rsa/point_pubsub/src/publisher_member_function.cpp:[m[K In lambda function:
[9.133s] [01m[K/home/rsa2021/comp3431-team-neo/starter_code/src/comp3431-rsa/point_pubsub/src/publisher_member_function.cpp:25:38:[m[K [01;31m[Kerror: [m[Kâ€˜[01m[Kpoint[m[Kâ€™ was not declared in this scope
[9.133s]    25 |         publisher_->publish(convert(*[01;31m[Kpoint[m[K));
[9.133s]       |                                      [01;31m[K^~~~~[m[K
[9.133s] [01m[K/home/rsa2021/comp3431-team-neo/starter_code/src/comp3431-rsa/point_pubsub/src/publisher_member_function.cpp:[m[K In constructor â€˜[01m[KPointTf::PointTf()[m[Kâ€™:
[9.133s] [01m[K/home/rsa2021/comp3431-team-neo/starter_code/src/comp3431-rsa/point_pubsub/src/publisher_member_function.cpp:26:8:[m[K [01;31m[Kerror: [m[Kno matching function for call to â€˜[01m[KPointTf::create_subscription<<expression error> >(const char [11], int, PointTf::PointTf()::<lambda(int)>)[m[Kâ€™
[9.138s]    26 |       }[01;31m[K)[m[K;
[9.139s]       |        [01;31m[K^[m[K
[9.139s] In file included from [01m[K/opt/ros/foxy/include/rclcpp/executors/single_threaded_executor.hpp:28[m[K,
[9.139s]                  from [01m[K/opt/ros/foxy/include/rclcpp/executors.hpp:22[m[K,
[9.148s]                  from [01m[K/opt/ros/foxy/include/rclcpp/rclcpp.hpp:146[m[K,
[9.184s]                  from [01m[K/home/rsa2021/comp3431-team-neo/starter_code/src/comp3431-rsa/point_pubsub/src/publisher_member_function.cpp:4[m[K:
[9.184s] [01m[K/opt/ros/foxy/include/rclcpp/node.hpp:213:3:[m[K [01;36m[Knote: [m[Kcandidate: â€˜[01m[Ktemplate<class MessageT, class CallbackT, class AllocatorT, class CallbackMessageT, class SubscriptionT, class MessageMemoryStrategyT> std::shared_ptr<SubscriptionT> rclcpp::Node::create_subscription(const string&, const rclcpp::QoS&, CallbackT&&, const rclcpp::SubscriptionOptionsWithAllocator<AllocatorT>&, typename MessageMemoryStrategyT::SharedPtr)[m[Kâ€™
[9.184s]   213 |   [01;36m[Kcreate_subscription[m[K(
[9.184s]       |   [01;36m[K^~~~~~~~~~~~~~~~~~~[m[K
[9.185s] [01m[K/opt/ros/foxy/include/rclcpp/node.hpp:213:3:[m[K [01;36m[Knote: [m[K  template argument deduction/substitution failed:
[9.185s] [01m[K/home/rsa2021/comp3431-team-neo/starter_code/src/comp3431-rsa/point_pubsub/src/publisher_member_function.cpp:26:8:[m[K [01;31m[Kerror: [m[Ktemplate argument 1 is invalid
[9.185s]    26 |       }[01;31m[K)[m[K;
[9.185s]       |        [01;31m[K^[m[K
[9.238s] [01m[K/home/rsa2021/comp3431-team-neo/starter_code/src/comp3431-rsa/point_pubsub/src/publisher_member_function.cpp:[m[K In member function â€˜[01m[Kvisualization_msgs::msg::Marker PointTf::convert(int&)[m[Kâ€™:
[9.238s] [01m[K/home/rsa2021/comp3431-team-neo/starter_code/src/comp3431-rsa/point_pubsub/src/publisher_member_function.cpp:64:35:[m[K [01;31m[Kerror: [m[Krequest for member â€˜[01m[Kx[m[Kâ€™ in â€˜[01m[Kball[m[Kâ€™, which is of non-class type â€˜[01m[Kint[m[Kâ€™
[9.238s]    64 |     marker.pose.position.x = ball.[01;31m[Kx[m[K;
[9.239s]       |                                   [01;31m[K^[m[K
[9.239s] [01m[K/home/rsa2021/comp3431-team-neo/starter_code/src/comp3431-rsa/point_pubsub/src/publisher_member_function.cpp:65:35:[m[K [01;31m[Kerror: [m[Krequest for member â€˜[01m[Ky[m[Kâ€™ in â€˜[01m[Kball[m[Kâ€™, which is of non-class type â€˜[01m[Kint[m[Kâ€™
[9.240s]    65 |     marker.pose.position.y = ball.[01;31m[Ky[m[K;
[9.241s]       |                                   [01;31m[K^[m[K
[9.242s] [01m[K/home/rsa2021/comp3431-team-neo/starter_code/src/comp3431-rsa/point_pubsub/src/publisher_member_function.cpp:66:35:[m[K [01;31m[Kerror: [m[Krequest for member â€˜[01m[Kz[m[Kâ€™ in â€˜[01m[Kball[m[Kâ€™, which is of non-class type â€˜[01m[Kint[m[Kâ€™
[9.242s]    66 |     marker.pose.position.z = ball.[01;31m[Kz[m[K;
[9.244s]       |                                   [01;31m[K^[m[K
[16.161s] make[2]: *** [CMakeFiles/point_tf.dir/build.make:63: CMakeFiles/point_tf.dir/src/publisher_member_function.cpp.o] Error 1
[16.172s] make[1]: *** [CMakeFiles/Makefile2:78: CMakeFiles/point_tf.dir/all] Error 2
[16.172s] make: *** [Makefile:141: all] Error 2
[16.226s] Invoked command in '/home/rsa2021/comp3431-team-neo/starter_code/build/point_pubsub' returned '2': CMAKE_PREFIX_PATH=${CMAKE_PREFIX_PATH}:/opt/ros/foxy /usr/bin/cmake --build /home/rsa2021/comp3431-team-neo/starter_code/build/point_pubsub -- -j3 -l3
