[0.125s] Invoking command in '/home/rsa2021/comp3431-team-neo/starter_code/build/point_pubsub': CMAKE_PREFIX_PATH=${CMAKE_PREFIX_PATH}:/opt/ros/foxy /usr/bin/cmake --build /home/rsa2021/comp3431-team-neo/starter_code/build/point_pubsub -- -j3 -l3
[1.703s] [35m[1mScanning dependencies of target point_tf[0m
[1.929s] [ 50%] [32mBuilding CXX object CMakeFiles/point_tf.dir/src/publisher_member_function.cpp.o[0m
[13.853s] [01m[K/home/rsa2021/comp3431-team-neo/starter_code/src/comp3431-rsa/point_pubsub/src/publisher_member_function.cpp:[m[K In constructor â€˜[01m[KPointTf::PointTf()[m[Kâ€™:
[13.853s] [01m[K/home/rsa2021/comp3431-team-neo/starter_code/src/comp3431-rsa/point_pubsub/src/publisher_member_function.cpp:23:45:[m[K [01;31m[Kerror: [m[Kâ€˜[01m[Kseometry_msgs[m[Kâ€™ was not declared in this scope; did you mean â€˜[01m[Kgeometry_msgs[m[Kâ€™?
[13.854s]    23 |     subscriber_ = this->create_subscription<[01;31m[Kseometry_msgs[m[K::msg::PointStamped>(
[13.854s]       |                                             [01;31m[K^~~~~~~~~~~~~[m[K
[13.854s]       |                                             [32m[Kgeometry_msgs[m[K
[13.854s] [01m[K/home/rsa2021/comp3431-team-neo/starter_code/src/comp3431-rsa/point_pubsub/src/publisher_member_function.cpp:23:25:[m[K [01;31m[Kerror: [m[Kparse error in template argument list
[13.854s]    23 |     subscriber_ = this->[01;31m[Kcreate_subscription<seometry_msgs::msg::PointStamped>[m[K(
[13.854s]       |                         [01;31m[K^~~~~~~~~~~~~~~~~~~~~~~~~~~~~~~~~~~~~~~~~~~~~~~~~~~~~[m[K
[13.896s] [01m[K/home/rsa2021/comp3431-team-neo/starter_code/src/comp3431-rsa/point_pubsub/src/publisher_member_function.cpp:27:8:[m[K [01;31m[Kerror: [m[Kno matching function for call to â€˜[01m[KPointTf::create_subscription<<expression error> >(const char [11], int, PointTf::PointTf()::<lambda(geometry_msgs::msg::PointStamped_<std::allocator<void> >::SharedPtr)>)[m[Kâ€™
[13.897s]    27 |       }[01;31m[K)[m[K;
[13.897s]       |        [01;31m[K^[m[K
[13.900s] In file included from [01m[K/opt/ros/foxy/include/rclcpp/executors/single_threaded_executor.hpp:28[m[K,
[13.901s]                  from [01m[K/opt/ros/foxy/include/rclcpp/executors.hpp:22[m[K,
[13.901s]                  from [01m[K/opt/ros/foxy/include/rclcpp/rclcpp.hpp:146[m[K,
[13.904s]                  from [01m[K/home/rsa2021/comp3431-team-neo/starter_code/src/comp3431-rsa/point_pubsub/src/publisher_member_function.cpp:4[m[K:
[13.905s] [01m[K/opt/ros/foxy/include/rclcpp/node.hpp:213:3:[m[K [01;36m[Knote: [m[Kcandidate: â€˜[01m[Ktemplate<class MessageT, class CallbackT, class AllocatorT, class CallbackMessageT, class SubscriptionT, class MessageMemoryStrategyT> std::shared_ptr<SubscriptionT> rclcpp::Node::create_subscription(const string&, const rclcpp::QoS&, CallbackT&&, const rclcpp::SubscriptionOptionsWithAllocator<AllocatorT>&, typename MessageMemoryStrategyT::SharedPtr)[m[Kâ€™
[13.906s]   213 |   [01;36m[Kcreate_subscription[m[K(
[13.906s]       |   [01;36m[K^~~~~~~~~~~~~~~~~~~[m[K
[13.906s] [01m[K/opt/ros/foxy/include/rclcpp/node.hpp:213:3:[m[K [01;36m[Knote: [m[K  template argument deduction/substitution failed:
[13.906s] [01m[K/home/rsa2021/comp3431-team-neo/starter_code/src/comp3431-rsa/point_pubsub/src/publisher_member_function.cpp:27:8:[m[K [01;31m[Kerror: [m[Ktemplate argument 1 is invalid
[13.910s]    27 |       }[01;31m[K)[m[K;
[13.910s]       |        [01;31m[K^[m[K
[54.077s] make[2]: *** [CMakeFiles/point_tf.dir/build.make:63: CMakeFiles/point_tf.dir/src/publisher_member_function.cpp.o] Error 1
[54.082s] make[1]: *** [CMakeFiles/Makefile2:78: CMakeFiles/point_tf.dir/all] Error 2
[54.083s] make: *** [Makefile:141: all] Error 2
[54.256s] Invoked command in '/home/rsa2021/comp3431-team-neo/starter_code/build/point_pubsub' returned '2': CMAKE_PREFIX_PATH=${CMAKE_PREFIX_PATH}:/opt/ros/foxy /usr/bin/cmake --build /home/rsa2021/comp3431-team-neo/starter_code/build/point_pubsub -- -j3 -l3
