[35m[1mScanning dependencies of target point_tf[0m
[ 50%] [32mBuilding CXX object CMakeFiles/point_tf.dir/src/publisher_member_function.cpp.o[0m
[01m[K/home/rsa2021/comp3431-team-neo/starter_code/src/comp3431-rsa/point_pubsub/src/publisher_member_function.cpp:7:10:[m[K [01;31m[Kfatal error: [m[Kgeometry_msgs/msg/pointstamped.hpp: No such file or directory
    7 | #include [01;31m[K"geometry_msgs/msg/pointstamped.hpp"[m[K
      |          [01;31m[K^~~~~~~~~~~~~~~~~~~~~~~~~~~~~~~~~~~~[m[K
compilation terminated.
make[2]: *** [CMakeFiles/point_tf.dir/build.make:63: CMakeFiles/point_tf.dir/src/publisher_member_function.cpp.o] Error 1
make[1]: *** [CMakeFiles/Makefile2:78: CMakeFiles/point_tf.dir/all] Error 2
make: *** [Makefile:141: all] Error 2
