[0.428s] Invoking command in '/home/rsa2021/comp3431-team-neo/starter_code/build/point_pubsub': CMAKE_PREFIX_PATH=${CMAKE_PREFIX_PATH}:/opt/ros/foxy /usr/bin/cmake --build /home/rsa2021/comp3431-team-neo/starter_code/build/point_pubsub -- -j3 -l3
[2.856s] [35m[1mScanning dependencies of target point_tf[0m
[3.912s] [ 50%] [32mBuilding CXX object CMakeFiles/point_tf.dir/src/publisher_member_function.cpp.o[0m
[41.647s] [01m[K/home/rsa2021/comp3431-team-neo/starter_code/src/comp3431-rsa/point_pubsub/src/publisher_member_function.cpp:56:63:[m[K [01;31m[Kerror: [m[Kâ€˜[01m[Kgeometry_msgs::msg::PointStamped[m[Kâ€™ has not been declared
[41.647s]    56 |   visualization_msgs::msg::Marker convert(geometry_msgs::msg::[01;31m[KPointStamped[m[K & point)
[41.648s]       |                                                               [01;31m[K^~~~~~~~~~~~[m[K
[41.828s] [01m[K/home/rsa2021/comp3431-team-neo/starter_code/src/comp3431-rsa/point_pubsub/src/publisher_member_function.cpp:83:38:[m[K [01;31m[Kerror: [m[Kâ€˜[01m[Kms[m[Kâ€™ is not a member of â€˜[01m[Kgeometry_msgs[m[Kâ€™; did you mean â€˜[01m[Kmsg[m[Kâ€™?
[41.828s]    83 |     rclcpp::Publisher<geometry_msgs::[01;31m[Kms[m[K::PointStamped::SharedPtr subscriber_;
[41.828s]       |                                      [01;31m[K^~[m[K
[41.829s]       |                                      [32m[Kmsg[m[K
[41.886s] [01m[K/home/rsa2021/comp3431-team-neo/starter_code/src/comp3431-rsa/point_pubsub/src/publisher_member_function.cpp:83:38:[m[K [01;31m[Kerror: [m[Kâ€˜[01m[Kms[m[Kâ€™ is not a member of â€˜[01m[Kgeometry_msgs[m[Kâ€™; did you mean â€˜[01m[Kmsg[m[Kâ€™?
[41.887s]    83 |     rclcpp::Publisher<geometry_msgs::[01;31m[Kms[m[K::PointStamped::SharedPtr subscriber_;
[41.887s]       |                                      [01;31m[K^~[m[K
[41.887s]       |                                      [32m[Kmsg[m[K
[41.888s] [01m[K/home/rsa2021/comp3431-team-neo/starter_code/src/comp3431-rsa/point_pubsub/src/publisher_member_function.cpp:83:66:[m[K [01;31m[Kerror: [m[Ktemplate argument 1 is invalid
[41.891s]    83 |     rclcpp::Publisher<geometry_msgs::ms::PointStamped::SharedPtr [01;31m[Ksubscriber_[m[K;
[41.892s]       |                                                                  [01;31m[K^~~~~~~~~~~[m[K
[41.892s] [01m[K/home/rsa2021/comp3431-team-neo/starter_code/src/comp3431-rsa/point_pubsub/src/publisher_member_function.cpp:[m[K In constructor â€˜[01m[KPointTf::PointTf()[m[Kâ€™:
[41.892s] [01m[K/home/rsa2021/comp3431-team-neo/starter_code/src/comp3431-rsa/point_pubsub/src/publisher_member_function.cpp:22:5:[m[K [01;31m[Kerror: [m[Kâ€˜[01m[Ksubscriber_[m[Kâ€™ was not declared in this scope
[41.892s]    22 |     [01;31m[Ksubscriber_[m[K = this->create_subscription<geometry_msgs::msg::PointStamped>(
[41.892s]       |     [01;31m[K^~~~~~~~~~~[m[K
[41.892s] [01m[K/home/rsa2021/comp3431-team-neo/starter_code/src/comp3431-rsa/point_pubsub/src/publisher_member_function.cpp:22:65:[m[K [01;31m[Kerror: [m[Kâ€˜[01m[KPointStamped[m[Kâ€™ is not a member of â€˜[01m[Kgeometry_msgs::msg[m[Kâ€™
[41.893s]    22 |     subscriber_ = this->create_subscription<geometry_msgs::msg::[01;31m[KPointStamped[m[K>(
[41.893s]       |                                                                 [01;31m[K^~~~~~~~~~~~[m[K
[41.894s] [01m[K/home/rsa2021/comp3431-team-neo/starter_code/src/comp3431-rsa/point_pubsub/src/publisher_member_function.cpp:22:65:[m[K [01;31m[Kerror: [m[Kâ€˜[01m[KPointStamped[m[Kâ€™ is not a member of â€˜[01m[Kgeometry_msgs::msg[m[Kâ€™
[41.894s] [01m[K/home/rsa2021/comp3431-team-neo/starter_code/src/comp3431-rsa/point_pubsub/src/publisher_member_function.cpp:24:14:[m[K [01;31m[Kerror: [m[Kâ€˜[01m[Ksoccer_vision_msgs[m[Kâ€™ has not been declared
[41.894s]    24 |       [this]([01;31m[Ksoccer_vision_msgs[m[K::msg::Ball::SharedPtr point) {
[41.894s]       |              [01;31m[K^~~~~~~~~~~~~~~~~~[m[K
[41.894s] [01m[K/home/rsa2021/comp3431-team-neo/starter_code/src/comp3431-rsa/point_pubsub/src/publisher_member_function.cpp:24:55:[m[K [01;31m[Kerror: [m[Kexpected â€˜[01m[K,[m[Kâ€™ or â€˜[01m[K...[m[Kâ€™ before â€˜[01m[Kpoint[m[Kâ€™
[41.894s]    24 |       [this](soccer_vision_msgs::msg::Ball::SharedPtr [01;31m[Kpoint[m[K) {
[41.894s]       |                                                       [01;31m[K^~~~~[m[K
[42.080s] [01m[K/home/rsa2021/comp3431-team-neo/starter_code/src/comp3431-rsa/point_pubsub/src/publisher_member_function.cpp:[m[K In lambda function:
[42.081s] [01m[K/home/rsa2021/comp3431-team-neo/starter_code/src/comp3431-rsa/point_pubsub/src/publisher_member_function.cpp:25:38:[m[K [01;31m[Kerror: [m[Kâ€˜[01m[Kpoint[m[Kâ€™ was not declared in this scope
[42.085s]    25 |         publisher_->publish(convert(*[01;31m[Kpoint[m[K));
[42.085s]       |                                      [01;31m[K^~~~~[m[K
[42.086s] [01m[K/home/rsa2021/comp3431-team-neo/starter_code/src/comp3431-rsa/point_pubsub/src/publisher_member_function.cpp:24:45:[m[K [01;35m[Kwarning: [m[Kunused parameter â€˜[01m[KSharedPtr[m[Kâ€™ [[01;35m[K-Wunused-parameter[m[K]
[42.092s]    24 |       [this]([01;35m[Ksoccer_vision_msgs::msg::Ball::SharedPtr[m[K point) {
[42.092s]       |              [01;35m[K~~~~~~~~~~~~~~~~~~~~~~~~~~~~~~~^~~~~~~~~[m[K
[42.107s] [01m[K/home/rsa2021/comp3431-team-neo/starter_code/src/comp3431-rsa/point_pubsub/src/publisher_member_function.cpp:[m[K In constructor â€˜[01m[KPointTf::PointTf()[m[Kâ€™:
[42.108s] [01m[K/home/rsa2021/comp3431-team-neo/starter_code/src/comp3431-rsa/point_pubsub/src/publisher_member_function.cpp:26:8:[m[K [01;31m[Kerror: [m[Kno matching function for call to â€˜[01m[KPointTf::create_subscription<<expression error> >(const char [11], int, PointTf::PointTf()::<lambda(int)>)[m[Kâ€™
[42.108s]    26 |       }[01;31m[K)[m[K;
[42.108s]       |        [01;31m[K^[m[K
[42.109s] In file included from [01m[K/opt/ros/foxy/include/rclcpp/executors/single_threaded_executor.hpp:28[m[K,
[42.117s]                  from [01m[K/opt/ros/foxy/include/rclcpp/executors.hpp:22[m[K,
[42.128s]                  from [01m[K/opt/ros/foxy/include/rclcpp/rclcpp.hpp:146[m[K,
[42.213s]                  from [01m[K/home/rsa2021/comp3431-team-neo/starter_code/src/comp3431-rsa/point_pubsub/src/publisher_member_function.cpp:4[m[K:
[42.226s] [01m[K/opt/ros/foxy/include/rclcpp/node.hpp:213:3:[m[K [01;36m[Knote: [m[Kcandidate: â€˜[01m[Ktemplate<class MessageT, class CallbackT, class AllocatorT, class CallbackMessageT, class SubscriptionT, class MessageMemoryStrategyT> std::shared_ptr<SubscriptionT> rclcpp::Node::create_subscription(const string&, const rclcpp::QoS&, CallbackT&&, const rclcpp::SubscriptionOptionsWithAllocator<AllocatorT>&, typename MessageMemoryStrategyT::SharedPtr)[m[Kâ€™
[42.226s]   213 |   [01;36m[Kcreate_subscription[m[K(
[42.227s]       |   [01;36m[K^~~~~~~~~~~~~~~~~~~[m[K
[42.227s] [01m[K/opt/ros/foxy/include/rclcpp/node.hpp:213:3:[m[K [01;36m[Knote: [m[K  template argument deduction/substitution failed:
[42.228s] [01m[K/home/rsa2021/comp3431-team-neo/starter_code/src/comp3431-rsa/point_pubsub/src/publisher_member_function.cpp:26:8:[m[K [01;31m[Kerror: [m[Ktemplate argument 1 is invalid
[42.228s]    26 |       }[01;31m[K)[m[K;
[42.228s]       |        [01;31m[K^[m[K
[42.353s] [01m[K/home/rsa2021/comp3431-team-neo/starter_code/src/comp3431-rsa/point_pubsub/src/publisher_member_function.cpp:[m[K In member function â€˜[01m[Kvisualization_msgs::msg::Marker PointTf::convert(int&)[m[Kâ€™:
[42.354s] [01m[K/home/rsa2021/comp3431-team-neo/starter_code/src/comp3431-rsa/point_pubsub/src/publisher_member_function.cpp:64:36:[m[K [01;31m[Kerror: [m[Krequest for member â€˜[01m[Kx[m[Kâ€™ in â€˜[01m[Kpoint[m[Kâ€™, which is of non-class type â€˜[01m[Kint[m[Kâ€™
[42.354s]    64 |     marker.pose.position.x = point.[01;31m[Kx[m[K;
[42.354s]       |                                    [01;31m[K^[m[K
[42.354s] [01m[K/home/rsa2021/comp3431-team-neo/starter_code/src/comp3431-rsa/point_pubsub/src/publisher_member_function.cpp:65:36:[m[K [01;31m[Kerror: [m[Krequest for member â€˜[01m[Ky[m[Kâ€™ in â€˜[01m[Kpoint[m[Kâ€™, which is of non-class type â€˜[01m[Kint[m[Kâ€™
[42.354s]    65 |     marker.pose.position.y = point.[01;31m[Ky[m[K;
[42.354s]       |                                    [01;31m[K^[m[K
[42.355s] [01m[K/home/rsa2021/comp3431-team-neo/starter_code/src/comp3431-rsa/point_pubsub/src/publisher_member_function.cpp:66:36:[m[K [01;31m[Kerror: [m[Krequest for member â€˜[01m[Kz[m[Kâ€™ in â€˜[01m[Kpoint[m[Kâ€™, which is of non-class type â€˜[01m[Kint[m[Kâ€™
[42.355s]    66 |     marker.pose.position.z = point.[01;31m[Kz[m[K;
[42.355s]       |                                    [01;31m[K^[m[K
[54.461s] make[2]: *** [CMakeFiles/point_tf.dir/build.make:63: CMakeFiles/point_tf.dir/src/publisher_member_function.cpp.o] Error 1
[54.462s] make[1]: *** [CMakeFiles/Makefile2:78: CMakeFiles/point_tf.dir/all] Error 2
[54.466s] make: *** [Makefile:141: all] Error 2
[54.493s] Invoked command in '/home/rsa2021/comp3431-team-neo/starter_code/build/point_pubsub' returned '2': CMAKE_PREFIX_PATH=${CMAKE_PREFIX_PATH}:/opt/ros/foxy /usr/bin/cmake --build /home/rsa2021/comp3431-team-neo/starter_code/build/point_pubsub -- -j3 -l3
