[0.060s] Invoking command in '/home/rsa2021/comp3431-team-neo/starter_code/build/point_pubsub': CMAKE_PREFIX_PATH=/opt/ros/foxy /usr/bin/cmake --build /home/rsa2021/comp3431-team-neo/starter_code/build/point_pubsub -- -j3 -l3
[0.378s] [35m[1mScanning dependencies of target point_tf[0m
[0.534s] [ 50%] [32mBuilding CXX object CMakeFiles/point_tf.dir/src/publisher_member_function.cpp.o[0m
[6.539s] [01m[K/home/rsa2021/comp3431-team-neo/starter_code/src/point_pubsub/src/publisher_member_function.cpp:[m[K In constructor â€˜[01m[KPointTf::PointTf()[m[Kâ€™:
[6.539s] [01m[K/home/rsa2021/comp3431-team-neo/starter_code/src/point_pubsub/src/publisher_member_function.cpp:18:38:[m[K [01;31m[Kerror: [m[Kunable to find numeric literal operator â€˜[01m[Koperator""ms[m[Kâ€™
[6.539s]    18 |     timer_ = this->create_wall_timer([01;31m[K500ms[m[K, std::bind(&PointTf::timer_callback, this);
[6.539s]       |                                      [01;31m[K^~~~~[m[K
[6.606s] [01m[K/home/rsa2021/comp3431-team-neo/starter_code/src/point_pubsub/src/publisher_member_function.cpp:18:86:[m[K [01;31m[Kerror: [m[Kexpected â€˜[01m[K)[m[Kâ€™ before â€˜[01m[K;[m[Kâ€™ token
[6.607s]    18 |     timer_ = this->create_wall_timer[34m[K([m[K500ms, std::bind(&PointTf::timer_callback, this)[01;31m[K;[m[K
[6.607s]       |                                     [34m[K~[m[K                                                [01;31m[K^[m[K
[6.607s]       |                                                                                      [32m[K)[m[K
[6.610s] [01m[K/home/rsa2021/comp3431-team-neo/starter_code/src/point_pubsub/src/publisher_member_function.cpp:[m[K In member function â€˜[01m[Kvoid PointTf::timer_callback()[m[Kâ€™:
[6.610s] [01m[K/home/rsa2021/comp3431-team-neo/starter_code/src/point_pubsub/src/publisher_member_function.cpp:36:32:[m[K [01;31m[Kerror: [m[Kâ€˜[01m[Kball[m[Kâ€™ was not declared in this scope
[6.611s]    36 |       marker.pose.position.x = [01;31m[Kball[m[K.center.x;
[6.611s]       |                                [01;31m[K^~~~[m[K
[8.943s] make[2]: *** [CMakeFiles/point_tf.dir/build.make:63: CMakeFiles/point_tf.dir/src/publisher_member_function.cpp.o] Error 1
[8.944s] make[1]: *** [CMakeFiles/Makefile2:78: CMakeFiles/point_tf.dir/all] Error 2
[8.944s] make: *** [Makefile:141: all] Error 2
[8.952s] Invoked command in '/home/rsa2021/comp3431-team-neo/starter_code/build/point_pubsub' returned '2': CMAKE_PREFIX_PATH=/opt/ros/foxy /usr/bin/cmake --build /home/rsa2021/comp3431-team-neo/starter_code/build/point_pubsub -- -j3 -l3
