[0.053s] Invoking command in '/home/rsa2021/comp3431-team-neo/starter_code/build/point_pubsub': CMAKE_PREFIX_PATH=${CMAKE_PREFIX_PATH}:/opt/ros/foxy /usr/bin/cmake --build /home/rsa2021/comp3431-team-neo/starter_code/build/point_pubsub -- -j3 -l3
[1.270s] [35m[1mScanning dependencies of target point_tf[0m
[1.716s] [ 50%] [32mBuilding CXX object CMakeFiles/point_tf.dir/src/publisher_member_function.cpp.o[0m
[25.653s] [01m[K/home/rsa2021/comp3431-team-neo/starter_code/src/comp3431-rsa/point_pubsub/src/publisher_member_function.cpp:[m[K In member function â€˜[01m[Kvisualization_msgs::msg::Marker PointTf::convert(geometry_msgs::msg::PointStamped)[m[Kâ€™:
[25.654s] [01m[K/home/rsa2021/comp3431-team-neo/starter_code/src/comp3431-rsa/point_pubsub/src/publisher_member_function.cpp:70:7:[m[K [01;31m[Kerror: [m[Kâ€˜[01m[KtransformStamped[m[Kâ€™ was not declared in this scope
[25.654s]    70 |       [01;31m[KtransformStamped[m[K = tf_buffer_->lookupTransform(
[25.654s]       |       [01;31m[K^~~~~~~~~~~~~~~~[m[K
[25.657s] [01m[K/home/rsa2021/comp3431-team-neo/starter_code/src/comp3431-rsa/point_pubsub/src/publisher_member_function.cpp:70:26:[m[K [01;31m[Kerror: [m[Kâ€˜[01m[Ktf_buffer_[m[Kâ€™ was not declared in this scope
[25.657s]    70 |       transformStamped = [01;31m[Ktf_buffer_[m[K->lookupTransform(
[25.658s]       |                          [01;31m[K^~~~~~~~~~[m[K
[25.665s] [01m[K/home/rsa2021/comp3431-team-neo/starter_code/src/comp3431-rsa/point_pubsub/src/publisher_member_function.cpp:71:16:[m[K [01;31m[Kerror: [m[Kâ€˜[01m[Kpoint[m[Kâ€™ was not declared in this scope
[25.665s]    71 |         "map", [01;31m[Kpoint[m[K.header.frame_id,
[25.665s]       |                [01;31m[K^~~~~[m[K
[25.678s] [01m[K/home/rsa2021/comp3431-team-neo/starter_code/src/comp3431-rsa/point_pubsub/src/publisher_member_function.cpp:76:7:[m[K [01;31m[Kerror: [m[Kreturn-statement with no value, in function returning â€˜[01m[Kvisualization_msgs::msg::Marker[m[Kâ€™ {aka â€˜[01m[Kvisualization_msgs::msg::Marker_<std::allocator<void> >[m[Kâ€™} [[01;31m[K-fpermissive[m[K]
[25.679s]    76 |       [01;31m[Kreturn[m[K;
[25.685s]       |       [01;31m[K^~~~~~[m[K
[25.695s] [01m[K/home/rsa2021/comp3431-team-neo/starter_code/src/comp3431-rsa/point_pubsub/src/publisher_member_function.cpp:80:30:[m[K [01;31m[Kerror: [m[Kâ€˜[01m[Kpoint[m[Kâ€™ was not declared in this scope
[25.696s]    80 |     marker.header.frame_id = [01;31m[Kpoint[m[K.header.frame_id;
[25.696s]       |                              [01;31m[K^~~~~[m[K
[25.720s] [01m[K/home/rsa2021/comp3431-team-neo/starter_code/src/comp3431-rsa/point_pubsub/src/publisher_member_function.cpp:85:30:[m[K [01;31m[Kerror: [m[Kâ€˜[01m[KtransformStamped[m[Kâ€™ was not declared in this scope
[25.720s]    85 |     marker.pose.position.x = [01;31m[KtransformStamped[m[K.transform.translation.x;
[25.720s]       |                              [01;31m[K^~~~~~~~~~~~~~~~[m[K
[25.723s] [01m[K/home/rsa2021/comp3431-team-neo/starter_code/src/comp3431-rsa/point_pubsub/src/publisher_member_function.cpp:63:82:[m[K [01;35m[Kwarning: [m[Kunused parameter â€˜[01m[Kold_point[m[Kâ€™ [[01;35m[K-Wunused-parameter[m[K]
[25.723s]    63 |   visualization_msgs::msg::Marker convert([01;35m[Kconst geometry_msgs::msg::PointStamped old_point[m[K)
[25.723s]       |                                           [01;35m[K~~~~~~~~~~~~~~~~~~~~~~~~~~~~~~~~~~~~~~~^~~~~~~~~[m[K
[36.158s] make[2]: *** [CMakeFiles/point_tf.dir/build.make:63: CMakeFiles/point_tf.dir/src/publisher_member_function.cpp.o] Error 1
[36.171s] make[1]: *** [CMakeFiles/Makefile2:78: CMakeFiles/point_tf.dir/all] Error 2
[36.194s] make: *** [Makefile:141: all] Error 2
[36.201s] Invoked command in '/home/rsa2021/comp3431-team-neo/starter_code/build/point_pubsub' returned '2': CMAKE_PREFIX_PATH=${CMAKE_PREFIX_PATH}:/opt/ros/foxy /usr/bin/cmake --build /home/rsa2021/comp3431-team-neo/starter_code/build/point_pubsub -- -j3 -l3
