[01m[K/home/rsa2021/comp3431-team-neo/starter_code/src/point_pubsub/src/publisher_member_function.cpp:[m[K In constructor â€˜[01m[KPointTf::PointTf()[m[Kâ€™:
[01m[K/home/rsa2021/comp3431-team-neo/starter_code/src/point_pubsub/src/publisher_member_function.cpp:18:38:[m[K [01;31m[Kerror: [m[Kunable to find numeric literal operator â€˜[01m[Koperator""ms[m[Kâ€™
   18 |     timer_ = this->create_wall_timer([01;31m[K500ms[m[K, std::bind(&PointTf::timer_callback, this);
      |                                      [01;31m[K^~~~~[m[K
[01m[K/home/rsa2021/comp3431-team-neo/starter_code/src/point_pubsub/src/publisher_member_function.cpp:18:86:[m[K [01;31m[Kerror: [m[Kexpected â€˜[01m[K)[m[Kâ€™ before â€˜[01m[K;[m[Kâ€™ token
   18 |     timer_ = this->create_wall_timer[34m[K([m[K500ms, std::bind(&PointTf::timer_callback, this)[01;31m[K;[m[K
      |                                     [34m[K~[m[K                                                [01;31m[K^[m[K
      |                                                                                      [32m[K)[m[K
[01m[K/home/rsa2021/comp3431-team-neo/starter_code/src/point_pubsub/src/publisher_member_function.cpp:[m[K In member function â€˜[01m[Kvoid PointTf::timer_callback()[m[Kâ€™:
[01m[K/home/rsa2021/comp3431-team-neo/starter_code/src/point_pubsub/src/publisher_member_function.cpp:36:32:[m[K [01;31m[Kerror: [m[Kâ€˜[01m[Kball[m[Kâ€™ was not declared in this scope
   36 |       marker.pose.position.x = [01;31m[Kball[m[K.center.x;
      |                                [01;31m[K^~~~[m[K
[01m[K/home/rsa2021/comp3431-team-neo/starter_code/src/point_pubsub/src/publisher_member_function.cpp:[m[K In function â€˜[01m[Kint main(int, char**)[m[Kâ€™:
[01m[K/home/rsa2021/comp3431-team-neo/starter_code/src/point_pubsub/src/publisher_member_function.cpp:89:33:[m[K [01;31m[Kerror: [m[Kâ€˜[01m[KBallToMarker[m[Kâ€™ was not declared in this scope
   89 |   rclcpp::spin(std::make_shared<[01;31m[KBallToMarker[m[K>());
      |                                 [01;31m[K^~~~~~~~~~~~[m[K
[01m[K/home/rsa2021/comp3431-team-neo/starter_code/src/point_pubsub/src/publisher_member_function.cpp:89:47:[m[K [01;31m[Kerror: [m[Kno matching function for call to â€˜[01m[Kmake_shared<<expression error> >()[m[Kâ€™
   89 |   rclcpp::spin(std::make_shared<BallToMarker>([01;31m[K)[m[K);
      |                                               [01;31m[K^[m[K
In file included from [01m[K/usr/include/c++/9/memory:81[m[K,
                 from [01m[K/home/rsa2021/comp3431-team-neo/starter_code/src/point_pubsub/src/publisher_member_function.cpp:2[m[K:
[01m[K/usr/include/c++/9/bits/shared_ptr.h:714:5:[m[K [01;36m[Knote: [m[Kcandidate: â€˜[01m[Ktemplate<class _Tp, class ... _Args> std::shared_ptr<_Tp> std::make_shared(_Args&& ...)[m[Kâ€™
  714 |     [01;36m[Kmake_shared[m[K(_Args&&... __args)
      |     [01;36m[K^~~~~~~~~~~[m[K
[01m[K/usr/include/c++/9/bits/shared_ptr.h:714:5:[m[K [01;36m[Knote: [m[K  template argument deduction/substitution failed:
[01m[K/home/rsa2021/comp3431-team-neo/starter_code/src/point_pubsub/src/publisher_member_function.cpp:89:47:[m[K [01;31m[Kerror: [m[Ktemplate argument 1 is invalid
   89 |   rclcpp::spin(std::make_shared<BallToMarker>([01;31m[K)[m[K);
      |                                               [01;31m[K^[m[K
make[2]: *** [CMakeFiles/point_tf.dir/build.make:63: CMakeFiles/point_tf.dir/src/publisher_member_function.cpp.o] Error 1
make[1]: *** [CMakeFiles/Makefile2:78: CMakeFiles/point_tf.dir/all] Error 2
make: *** [Makefile:141: all] Error 2
