-- The C compiler identification is GNU 9.3.0
-- The CXX compiler identification is GNU 9.3.0
-- Check for working C compiler: /usr/bin/cc
-- Check for working C compiler: /usr/bin/cc -- works
-- Detecting C compiler ABI info
-- Detecting C compiler ABI info - done
-- Detecting C compile features
-- Detecting C compile features - done
-- Check for working CXX compiler: /usr/bin/c++
-- Check for working CXX compiler: /usr/bin/c++ -- works
-- Detecting CXX compiler ABI info
-- Detecting CXX compiler ABI info - done
-- Detecting CXX compile features
-- Detecting CXX compile features - done
-- Found ament_cmake: 0.9.8 (/opt/ros/foxy/share/ament_cmake/cmake)
-- Found PythonInterp: /usr/bin/python3 (found suitable version "3.8.10", minimum required is "3") 
-- Using PYTHON_EXECUTABLE: /usr/bin/python3
-- Found rclcpp: 2.3.1 (/opt/ros/foxy/share/rclcpp/cmake)
-- Using all available rosidl_typesupport_c: rosidl_typesupport_fastrtps_c;rosidl_typesupport_introspection_c
-- Found rosidl_adapter: 1.2.1 (/opt/ros/foxy/share/rosidl_adapter/cmake)
-- Found OpenSSL: /usr/lib/x86_64-linux-gnu/libcrypto.so (found version "1.1.1f")  
-- Found FastRTPS: /opt/ros/foxy/include  
-- Using all available rosidl_typesupport_cpp: rosidl_typesupport_fastrtps_cpp;rosidl_typesupport_introspection_cpp
-- Found rmw_implementation_cmake: 1.0.3 (/opt/ros/foxy/share/rmw_implementation_cmake/cmake)
-- Using RMW implementation 'rmw_fastrtps_cpp' as default
-- Looking for pthread.h
-- Looking for pthread.h - found
-- Performing Test CMAKE_HAVE_LIBC_PTHREAD
-- Performing Test CMAKE_HAVE_LIBC_PTHREAD - Failed
-- Looking for pthread_create in pthreads
-- Looking for pthread_create in pthreads - not found
-- Looking for pthread_create in pthread
-- Looking for pthread_create in pthread - found
-- Found Threads: TRUE  
-- Found visualization_msgs: 2.0.4 (/opt/ros/foxy/share/visualization_msgs/cmake)
-- Found ament_lint_auto: 0.9.6 (/opt/ros/foxy/share/ament_lint_auto/cmake)
-- Added test 'copyright' to check source files copyright and LICENSE
-- Added test 'cppcheck' to perform static code analysis on C / C++ code
-- Configured cppcheck include dirs: 
-- Configured cppcheck exclude dirs and/or files: 
-- Added test 'cpplint' to check C / C++ code against the Google style
-- Configured cpplint exclude dirs and/or files: 
-- Added test 'lint_cmake' to check CMake code style
-- Added test 'uncrustify' to check C / C++ code style
-- Configured uncrustify additional arguments: 
-- Added test 'xmllint' to check XML markup files
-- Configuring done
-- Generating done
-- Build files have been written to: /home/rsa2021/comp3431-team-neo/starter_code/build/point_pubsub
[35m[1mScanning dependencies of target point_tf[0m
[ 50%] [32mBuilding CXX object CMakeFiles/point_tf.dir/src/publisher_member_function.cpp.o[0m
[01m[K/home/rsa2021/comp3431-team-neo/starter_code/src/point_pubsub/src/publisher_member_function.cpp:[m[K In constructor â€˜[01m[KPointTf::PointTf()[m[Kâ€™:
[01m[K/home/rsa2021/comp3431-team-neo/starter_code/src/point_pubsub/src/publisher_member_function.cpp:18:38:[m[K [01;31m[Kerror: [m[Kunable to find numeric literal operator â€˜[01m[Koperator""ms[m[Kâ€™
   18 |     timer_ = this->create_wall_timer([01;31m[K500ms[m[K, std::bind(&PointTf::timer_callback, this);
      |                                      [01;31m[K^~~~~[m[K
[01m[K/home/rsa2021/comp3431-team-neo/starter_code/src/point_pubsub/src/publisher_member_function.cpp:18:86:[m[K [01;31m[Kerror: [m[Kexpected â€˜[01m[K)[m[Kâ€™ before â€˜[01m[K;[m[Kâ€™ token
   18 |     timer_ = this->create_wall_timer[34m[K([m[K500ms, std::bind(&PointTf::timer_callback, this)[01;31m[K;[m[K
      |                                     [34m[K~[m[K                                                [01;31m[K^[m[K
      |                                                                                      [32m[K)[m[K
[01m[K/home/rsa2021/comp3431-team-neo/starter_code/src/point_pubsub/src/publisher_member_function.cpp:[m[K In member function â€˜[01m[Kvoid PointTf::timer_callback()[m[Kâ€™:
[01m[K/home/rsa2021/comp3431-team-neo/starter_code/src/point_pubsub/src/publisher_member_function.cpp:36:32:[m[K [01;31m[Kerror: [m[Kâ€˜[01m[Kball[m[Kâ€™ was not declared in this scope
   36 |       marker.pose.position.x = [01;31m[Kball[m[K.center.x;
      |                                [01;31m[K^~~~[m[K
[01m[K/home/rsa2021/comp3431-team-neo/starter_code/src/point_pubsub/src/publisher_member_function.cpp:[m[K In function â€˜[01m[Kint main(int, char**)[m[Kâ€™:
[01m[K/home/rsa2021/comp3431-team-neo/starter_code/src/point_pubsub/src/publisher_member_function.cpp:89:33:[m[K [01;31m[Kerror: [m[Kâ€˜[01m[KBallToMarker[m[Kâ€™ was not declared in this scope
   89 |   rclcpp::spin(std::make_shared<[01;31m[KBallToMarker[m[K>());
      |                                 [01;31m[K^~~~~~~~~~~~[m[K
[01m[K/home/rsa2021/comp3431-team-neo/starter_code/src/point_pubsub/src/publisher_member_function.cpp:89:47:[m[K [01;31m[Kerror: [m[Kno matching function for call to â€˜[01m[Kmake_shared<<expression error> >()[m[Kâ€™
   89 |   rclcpp::spin(std::make_shared<BallToMarker>([01;31m[K)[m[K);
      |                                               [01;31m[K^[m[K
In file included from [01m[K/usr/include/c++/9/memory:81[m[K,
                 from [01m[K/home/rsa2021/comp3431-team-neo/starter_code/src/point_pubsub/src/publisher_member_function.cpp:2[m[K:
[01m[K/usr/include/c++/9/bits/shared_ptr.h:714:5:[m[K [01;36m[Knote: [m[Kcandidate: â€˜[01m[Ktemplate<class _Tp, class ... _Args> std::shared_ptr<_Tp> std::make_shared(_Args&& ...)[m[Kâ€™
  714 |     [01;36m[Kmake_shared[m[K(_Args&&... __args)
      |     [01;36m[K^~~~~~~~~~~[m[K
[01m[K/usr/include/c++/9/bits/shared_ptr.h:714:5:[m[K [01;36m[Knote: [m[K  template argument deduction/substitution failed:
[01m[K/home/rsa2021/comp3431-team-neo/starter_code/src/point_pubsub/src/publisher_member_function.cpp:89:47:[m[K [01;31m[Kerror: [m[Ktemplate argument 1 is invalid
   89 |   rclcpp::spin(std::make_shared<BallToMarker>([01;31m[K)[m[K);
      |                                               [01;31m[K^[m[K
make[2]: *** [CMakeFiles/point_tf.dir/build.make:63: CMakeFiles/point_tf.dir/src/publisher_member_function.cpp.o] Error 1
make[1]: *** [CMakeFiles/Makefile2:78: CMakeFiles/point_tf.dir/all] Error 2
make: *** [Makefile:141: all] Error 2
