[0.267s] Invoking command in '/home/rsa2021/comp3431-team-neo/starter_code/build/point_pubsub': CMAKE_PREFIX_PATH=/opt/ros/foxy /usr/bin/cmake /home/rsa2021/comp3431-team-neo/starter_code/src/point_pubsub -DCMAKE_INSTALL_PREFIX=/home/rsa2021/comp3431-team-neo/starter_code/install/point_pubsub
[5.396s] -- The C compiler identification is GNU 9.3.0
[6.713s] -- The CXX compiler identification is GNU 9.3.0
[6.853s] -- Check for working C compiler: /usr/bin/cc
[8.152s] -- Check for working C compiler: /usr/bin/cc -- works
[8.162s] -- Detecting C compiler ABI info
[10.219s] -- Detecting C compiler ABI info - done
[10.314s] -- Detecting C compile features
[10.325s] -- Detecting C compile features - done
[10.365s] -- Check for working CXX compiler: /usr/bin/c++
[12.008s] -- Check for working CXX compiler: /usr/bin/c++ -- works
[12.021s] -- Detecting CXX compiler ABI info
[13.580s] -- Detecting CXX compiler ABI info - done
[13.680s] -- Detecting CXX compile features
[13.694s] -- Detecting CXX compile features - done
[13.777s] -- Found ament_cmake: 0.9.8 (/opt/ros/foxy/share/ament_cmake/cmake)
[14.477s] -- Found PythonInterp: /usr/bin/python3 (found suitable version "3.8.10", minimum required is "3") 
[14.477s] -- Using PYTHON_EXECUTABLE: /usr/bin/python3
[17.404s] -- Found rclcpp: 2.3.1 (/opt/ros/foxy/share/rclcpp/cmake)
[17.781s] -- Using all available rosidl_typesupport_c: rosidl_typesupport_fastrtps_c;rosidl_typesupport_introspection_c
[17.882s] -- Found rosidl_adapter: 1.2.1 (/opt/ros/foxy/share/rosidl_adapter/cmake)
[18.865s] -- Found OpenSSL: /usr/lib/x86_64-linux-gnu/libcrypto.so (found version "1.1.1f")  
[19.372s] -- Found FastRTPS: /opt/ros/foxy/include  
[20.583s] -- Using all available rosidl_typesupport_cpp: rosidl_typesupport_fastrtps_cpp;rosidl_typesupport_introspection_cpp
[21.110s] -- Found rmw_implementation_cmake: 1.0.3 (/opt/ros/foxy/share/rmw_implementation_cmake/cmake)
[21.116s] -- Using RMW implementation 'rmw_fastrtps_cpp' as default
[21.150s] -- Looking for pthread.h
[22.323s] -- Looking for pthread.h - found
[22.333s] -- Performing Test CMAKE_HAVE_LIBC_PTHREAD
[23.158s] -- Performing Test CMAKE_HAVE_LIBC_PTHREAD - Failed
[23.158s] -- Looking for pthread_create in pthreads
[23.901s] -- Looking for pthread_create in pthreads - not found
[23.907s] -- Looking for pthread_create in pthread
[24.786s] -- Looking for pthread_create in pthread - found
[24.786s] -- Found Threads: TRUE  
[25.708s] -- Found visualization_msgs: 2.0.4 (/opt/ros/foxy/share/visualization_msgs/cmake)
[26.360s] -- Found ament_lint_auto: 0.9.6 (/opt/ros/foxy/share/ament_lint_auto/cmake)
[27.157s] -- Added test 'copyright' to check source files copyright and LICENSE
[27.171s] -- Added test 'cppcheck' to perform static code analysis on C / C++ code
[27.173s] -- Configured cppcheck include dirs: 
[27.175s] -- Configured cppcheck exclude dirs and/or files: 
[27.183s] -- Added test 'cpplint' to check C / C++ code against the Google style
[27.184s] -- Configured cpplint exclude dirs and/or files: 
[27.190s] -- Added test 'lint_cmake' to check CMake code style
[27.198s] -- Added test 'uncrustify' to check C / C++ code style
[27.200s] -- Configured uncrustify additional arguments: 
[27.202s] -- Added test 'xmllint' to check XML markup files
[27.226s] -- Configuring done
[27.248s] -- Generating done
[27.261s] -- Build files have been written to: /home/rsa2021/comp3431-team-neo/starter_code/build/point_pubsub
[27.314s] Invoked command in '/home/rsa2021/comp3431-team-neo/starter_code/build/point_pubsub' returned '0': CMAKE_PREFIX_PATH=/opt/ros/foxy /usr/bin/cmake /home/rsa2021/comp3431-team-neo/starter_code/src/point_pubsub -DCMAKE_INSTALL_PREFIX=/home/rsa2021/comp3431-team-neo/starter_code/install/point_pubsub
[27.348s] Invoking command in '/home/rsa2021/comp3431-team-neo/starter_code/build/point_pubsub': CMAKE_PREFIX_PATH=/opt/ros/foxy /usr/bin/cmake --build /home/rsa2021/comp3431-team-neo/starter_code/build/point_pubsub -- -j3 -l3
[27.633s] [35m[1mScanning dependencies of target point_tf[0m
[28.080s] [ 50%] [32mBuilding CXX object CMakeFiles/point_tf.dir/src/publisher_member_function.cpp.o[0m
[50.604s] [01m[K/home/rsa2021/comp3431-team-neo/starter_code/src/point_pubsub/src/publisher_member_function.cpp:[m[K In constructor â€˜[01m[KPointTf::PointTf()[m[Kâ€™:
[50.605s] [01m[K/home/rsa2021/comp3431-team-neo/starter_code/src/point_pubsub/src/publisher_member_function.cpp:18:38:[m[K [01;31m[Kerror: [m[Kunable to find numeric literal operator â€˜[01m[Koperator""ms[m[Kâ€™
[50.605s]    18 |     timer_ = this->create_wall_timer([01;31m[K500ms[m[K, std::bind(&PointTf::timer_callback, this);
[50.605s]       |                                      [01;31m[K^~~~~[m[K
[50.651s] [01m[K/home/rsa2021/comp3431-team-neo/starter_code/src/point_pubsub/src/publisher_member_function.cpp:18:86:[m[K [01;31m[Kerror: [m[Kexpected â€˜[01m[K)[m[Kâ€™ before â€˜[01m[K;[m[Kâ€™ token
[50.651s]    18 |     timer_ = this->create_wall_timer[34m[K([m[K500ms, std::bind(&PointTf::timer_callback, this)[01;31m[K;[m[K
[50.651s]       |                                     [34m[K~[m[K                                                [01;31m[K^[m[K
[50.651s]       |                                                                                      [32m[K)[m[K
[50.654s] [01m[K/home/rsa2021/comp3431-team-neo/starter_code/src/point_pubsub/src/publisher_member_function.cpp:[m[K In member function â€˜[01m[Kvoid PointTf::timer_callback()[m[Kâ€™:
[50.655s] [01m[K/home/rsa2021/comp3431-team-neo/starter_code/src/point_pubsub/src/publisher_member_function.cpp:36:32:[m[K [01;31m[Kerror: [m[Kâ€˜[01m[Kball[m[Kâ€™ was not declared in this scope
[50.655s]    36 |       marker.pose.position.x = [01;31m[Kball[m[K.center.x;
[50.655s]       |                                [01;31m[K^~~~[m[K
[50.673s] [01m[K/home/rsa2021/comp3431-team-neo/starter_code/src/point_pubsub/src/publisher_member_function.cpp:[m[K In function â€˜[01m[Kint main(int, char**)[m[Kâ€™:
[50.673s] [01m[K/home/rsa2021/comp3431-team-neo/starter_code/src/point_pubsub/src/publisher_member_function.cpp:89:33:[m[K [01;31m[Kerror: [m[Kâ€˜[01m[KBallToMarker[m[Kâ€™ was not declared in this scope
[50.673s]    89 |   rclcpp::spin(std::make_shared<[01;31m[KBallToMarker[m[K>());
[50.673s]       |                                 [01;31m[K^~~~~~~~~~~~[m[K
[50.673s] [01m[K/home/rsa2021/comp3431-team-neo/starter_code/src/point_pubsub/src/publisher_member_function.cpp:89:47:[m[K [01;31m[Kerror: [m[Kno matching function for call to â€˜[01m[Kmake_shared<<expression error> >()[m[Kâ€™
[50.673s]    89 |   rclcpp::spin(std::make_shared<BallToMarker>([01;31m[K)[m[K);
[50.673s]       |                                               [01;31m[K^[m[K
[50.674s] In file included from [01m[K/usr/include/c++/9/memory:81[m[K,
[50.674s]                  from [01m[K/home/rsa2021/comp3431-team-neo/starter_code/src/point_pubsub/src/publisher_member_function.cpp:2[m[K:
[50.674s] [01m[K/usr/include/c++/9/bits/shared_ptr.h:714:5:[m[K [01;36m[Knote: [m[Kcandidate: â€˜[01m[Ktemplate<class _Tp, class ... _Args> std::shared_ptr<_Tp> std::make_shared(_Args&& ...)[m[Kâ€™
[50.674s]   714 |     [01;36m[Kmake_shared[m[K(_Args&&... __args)
[50.674s]       |     [01;36m[K^~~~~~~~~~~[m[K
[50.674s] [01m[K/usr/include/c++/9/bits/shared_ptr.h:714:5:[m[K [01;36m[Knote: [m[K  template argument deduction/substitution failed:
[50.674s] [01m[K/home/rsa2021/comp3431-team-neo/starter_code/src/point_pubsub/src/publisher_member_function.cpp:89:47:[m[K [01;31m[Kerror: [m[Ktemplate argument 1 is invalid
[50.674s]    89 |   rclcpp::spin(std::make_shared<BallToMarker>([01;31m[K)[m[K);
[50.674s]       |                                               [01;31m[K^[m[K
[55.163s] make[2]: *** [CMakeFiles/point_tf.dir/build.make:63: CMakeFiles/point_tf.dir/src/publisher_member_function.cpp.o] Error 1
[55.172s] make[1]: *** [CMakeFiles/Makefile2:78: CMakeFiles/point_tf.dir/all] Error 2
[55.173s] make: *** [Makefile:141: all] Error 2
[55.178s] Invoked command in '/home/rsa2021/comp3431-team-neo/starter_code/build/point_pubsub' returned '2': CMAKE_PREFIX_PATH=/opt/ros/foxy /usr/bin/cmake --build /home/rsa2021/comp3431-team-neo/starter_code/build/point_pubsub -- -j3 -l3
