[0.177s] Invoking command in '/home/rsa2021/comp3431-team-neo/starter_code/build/point_pubsub': CMAKE_PREFIX_PATH=${CMAKE_PREFIX_PATH}:/opt/ros/foxy /usr/bin/cmake --build /home/rsa2021/comp3431-team-neo/starter_code/build/point_pubsub -- -j3 -l3
[0.638s] [35m[1mScanning dependencies of target point_tf[0m
[0.982s] [ 50%] [32mBuilding CXX object CMakeFiles/point_tf.dir/src/publisher_member_function.cpp.o[0m
[12.358s] [01m[K/home/rsa2021/comp3431-team-neo/starter_code/src/comp3431-rsa/point_pubsub/src/publisher_member_function.cpp:56:63:[m[K [01;31m[Kerror: [m[Kâ€˜[01m[Kgeometry_msgs::msg::PointStamped[m[Kâ€™ has not been declared
[12.358s]    56 |   visualization_msgs::msg::Marker convert(geometry_msgs::msg::[01;31m[KPointStamped[m[K & ball)
[12.358s]       |                                                               [01;31m[K^~~~~~~~~~~~[m[K
[12.402s] [01m[K/home/rsa2021/comp3431-team-neo/starter_code/src/comp3431-rsa/point_pubsub/src/publisher_member_function.cpp:83:38:[m[K [01;31m[Kerror: [m[Kâ€˜[01m[Kms[m[Kâ€™ is not a member of â€˜[01m[Kgeometry_msgs[m[Kâ€™; did you mean â€˜[01m[Kmsg[m[Kâ€™?
[12.403s]    83 |     rclcpp::Publisher<geometry_msgs::[01;31m[Kms[m[K::PointStamped::SharedPtr subscriber_;
[12.403s]       |                                      [01;31m[K^~[m[K
[12.403s]       |                                      [32m[Kmsg[m[K
[12.404s] [01m[K/home/rsa2021/comp3431-team-neo/starter_code/src/comp3431-rsa/point_pubsub/src/publisher_member_function.cpp:83:38:[m[K [01;31m[Kerror: [m[Kâ€˜[01m[Kms[m[Kâ€™ is not a member of â€˜[01m[Kgeometry_msgs[m[Kâ€™; did you mean â€˜[01m[Kmsg[m[Kâ€™?
[12.404s]    83 |     rclcpp::Publisher<geometry_msgs::[01;31m[Kms[m[K::PointStamped::SharedPtr subscriber_;
[12.404s]       |                                      [01;31m[K^~[m[K
[12.405s]       |                                      [32m[Kmsg[m[K
[12.405s] [01m[K/home/rsa2021/comp3431-team-neo/starter_code/src/comp3431-rsa/point_pubsub/src/publisher_member_function.cpp:83:66:[m[K [01;31m[Kerror: [m[Ktemplate argument 1 is invalid
[12.405s]    83 |     rclcpp::Publisher<geometry_msgs::ms::PointStamped::SharedPtr [01;31m[Ksubscriber_[m[K;
[12.405s]       |                                                                  [01;31m[K^~~~~~~~~~~[m[K
[12.493s] [01m[K/home/rsa2021/comp3431-team-neo/starter_code/src/comp3431-rsa/point_pubsub/src/publisher_member_function.cpp:[m[K In constructor â€˜[01m[KPointTf::PointTf()[m[Kâ€™:
[12.493s] [01m[K/home/rsa2021/comp3431-team-neo/starter_code/src/comp3431-rsa/point_pubsub/src/publisher_member_function.cpp:22:5:[m[K [01;31m[Kerror: [m[Kâ€˜[01m[Ksubscriber_[m[Kâ€™ was not declared in this scope
[12.493s]    22 |     [01;31m[Ksubscriber_[m[K = this->create_subscription<geometry_msgs::msg::PointStamped>(
[12.494s]       |     [01;31m[K^~~~~~~~~~~[m[K
[12.494s] [01m[K/home/rsa2021/comp3431-team-neo/starter_code/src/comp3431-rsa/point_pubsub/src/publisher_member_function.cpp:22:65:[m[K [01;31m[Kerror: [m[Kâ€˜[01m[KPointStamped[m[Kâ€™ is not a member of â€˜[01m[Kgeometry_msgs::msg[m[Kâ€™
[12.494s]    22 |     subscriber_ = this->create_subscription<geometry_msgs::msg::[01;31m[KPointStamped[m[K>(
[12.494s]       |                                                                 [01;31m[K^~~~~~~~~~~~[m[K
[12.494s] [01m[K/home/rsa2021/comp3431-team-neo/starter_code/src/comp3431-rsa/point_pubsub/src/publisher_member_function.cpp:22:65:[m[K [01;31m[Kerror: [m[Kâ€˜[01m[KPointStamped[m[Kâ€™ is not a member of â€˜[01m[Kgeometry_msgs::msg[m[Kâ€™
[12.495s] [01m[K/home/rsa2021/comp3431-team-neo/starter_code/src/comp3431-rsa/point_pubsub/src/publisher_member_function.cpp:24:34:[m[K [01;31m[Kerror: [m[Kâ€˜[01m[Kgeometry_msgs::msg::PointStamped[m[Kâ€™ has not been declared
[12.495s]    24 |       [this](geometry_msgs::msg::[01;31m[KPointStamped[m[K>::SharedPtr point) {
[12.495s]       |                                  [01;31m[K^~~~~~~~~~~~[m[K
[12.496s] [01m[K/home/rsa2021/comp3431-team-neo/starter_code/src/comp3431-rsa/point_pubsub/src/publisher_member_function.cpp:24:46:[m[K [01;31m[Kerror: [m[Kexpected â€˜[01m[K,[m[Kâ€™ or â€˜[01m[K...[m[Kâ€™ before â€˜[01m[K>[m[Kâ€™ token
[12.496s]    24 |       [this](geometry_msgs::msg::PointStamped[01;31m[K>[m[K::SharedPtr point) {
[12.496s]       |                                              [01;31m[K^[m[K
[12.497s] [01m[K/home/rsa2021/comp3431-team-neo/starter_code/src/comp3431-rsa/point_pubsub/src/publisher_member_function.cpp:[m[K In lambda function:
[12.498s] [01m[K/home/rsa2021/comp3431-team-neo/starter_code/src/comp3431-rsa/point_pubsub/src/publisher_member_function.cpp:25:38:[m[K [01;31m[Kerror: [m[Kâ€˜[01m[Kpoint[m[Kâ€™ was not declared in this scope
[12.498s]    25 |         publisher_->publish(convert(*[01;31m[Kpoint[m[K));
[12.498s]       |                                      [01;31m[K^~~~~[m[K
[12.499s] [01m[K/home/rsa2021/comp3431-team-neo/starter_code/src/comp3431-rsa/point_pubsub/src/publisher_member_function.cpp:[m[K In constructor â€˜[01m[KPointTf::PointTf()[m[Kâ€™:
[12.499s] [01m[K/home/rsa2021/comp3431-team-neo/starter_code/src/comp3431-rsa/point_pubsub/src/publisher_member_function.cpp:26:8:[m[K [01;31m[Kerror: [m[Kno matching function for call to â€˜[01m[KPointTf::create_subscription<<expression error> >(const char [11], int, PointTf::PointTf()::<lambda(int)>)[m[Kâ€™
[12.500s]    26 |       }[01;31m[K)[m[K;
[12.500s]       |        [01;31m[K^[m[K
[12.500s] In file included from [01m[K/opt/ros/foxy/include/rclcpp/executors/single_threaded_executor.hpp:28[m[K,
[12.501s]                  from [01m[K/opt/ros/foxy/include/rclcpp/executors.hpp:22[m[K,
[12.501s]                  from [01m[K/opt/ros/foxy/include/rclcpp/rclcpp.hpp:146[m[K,
[12.501s]                  from [01m[K/home/rsa2021/comp3431-team-neo/starter_code/src/comp3431-rsa/point_pubsub/src/publisher_member_function.cpp:4[m[K:
[12.502s] [01m[K/opt/ros/foxy/include/rclcpp/node.hpp:213:3:[m[K [01;36m[Knote: [m[Kcandidate: â€˜[01m[Ktemplate<class MessageT, class CallbackT, class AllocatorT, class CallbackMessageT, class SubscriptionT, class MessageMemoryStrategyT> std::shared_ptr<SubscriptionT> rclcpp::Node::create_subscription(const string&, const rclcpp::QoS&, CallbackT&&, const rclcpp::SubscriptionOptionsWithAllocator<AllocatorT>&, typename MessageMemoryStrategyT::SharedPtr)[m[Kâ€™
[12.502s]   213 |   [01;36m[Kcreate_subscription[m[K(
[12.502s]       |   [01;36m[K^~~~~~~~~~~~~~~~~~~[m[K
[12.502s] [01m[K/opt/ros/foxy/include/rclcpp/node.hpp:213:3:[m[K [01;36m[Knote: [m[K  template argument deduction/substitution failed:
[12.538s] [01m[K/home/rsa2021/comp3431-team-neo/starter_code/src/comp3431-rsa/point_pubsub/src/publisher_member_function.cpp:26:8:[m[K [01;31m[Kerror: [m[Ktemplate argument 1 is invalid
[12.538s]    26 |       }[01;31m[K)[m[K;
[12.539s]       |        [01;31m[K^[m[K
[12.653s] [01m[K/home/rsa2021/comp3431-team-neo/starter_code/src/comp3431-rsa/point_pubsub/src/publisher_member_function.cpp:[m[K In member function â€˜[01m[Kvisualization_msgs::msg::Marker PointTf::convert(int&)[m[Kâ€™:
[12.653s] [01m[K/home/rsa2021/comp3431-team-neo/starter_code/src/comp3431-rsa/point_pubsub/src/publisher_member_function.cpp:64:35:[m[K [01;31m[Kerror: [m[Krequest for member â€˜[01m[Kpoint[m[Kâ€™ in â€˜[01m[Kball[m[Kâ€™, which is of non-class type â€˜[01m[Kint[m[Kâ€™
[12.654s]    64 |     marker.pose.position.x = ball.[01;31m[Kpoint[m[K.x;
[12.654s]       |                                   [01;31m[K^~~~~[m[K
[12.654s] [01m[K/home/rsa2021/comp3431-team-neo/starter_code/src/comp3431-rsa/point_pubsub/src/publisher_member_function.cpp:65:35:[m[K [01;31m[Kerror: [m[Krequest for member â€˜[01m[Kpoint[m[Kâ€™ in â€˜[01m[Kball[m[Kâ€™, which is of non-class type â€˜[01m[Kint[m[Kâ€™
[12.654s]    65 |     marker.pose.position.y = ball.[01;31m[Kpoint[m[K.y;
[12.654s]       |                                   [01;31m[K^~~~~[m[K
[12.660s] [01m[K/home/rsa2021/comp3431-team-neo/starter_code/src/comp3431-rsa/point_pubsub/src/publisher_member_function.cpp:66:35:[m[K [01;31m[Kerror: [m[Krequest for member â€˜[01m[Kpoint[m[Kâ€™ in â€˜[01m[Kball[m[Kâ€™, which is of non-class type â€˜[01m[Kint[m[Kâ€™
[12.660s]    66 |     marker.pose.position.z = ball.[01;31m[Kpoint[m[K.z;
[12.660s]       |                                   [01;31m[K^~~~~[m[K
[22.687s] make[2]: *** [CMakeFiles/point_tf.dir/build.make:63: CMakeFiles/point_tf.dir/src/publisher_member_function.cpp.o] Error 1
[22.687s] make[1]: *** [CMakeFiles/Makefile2:78: CMakeFiles/point_tf.dir/all] Error 2
[22.687s] make: *** [Makefile:141: all] Error 2
[22.719s] Invoked command in '/home/rsa2021/comp3431-team-neo/starter_code/build/point_pubsub' returned '2': CMAKE_PREFIX_PATH=${CMAKE_PREFIX_PATH}:/opt/ros/foxy /usr/bin/cmake --build /home/rsa2021/comp3431-team-neo/starter_code/build/point_pubsub -- -j3 -l3
