[0.165s] Invoking command in '/home/rsa2021/comp3431-team-neo/starter_code/build/point_pubsub': CMAKE_PREFIX_PATH=/opt/ros/foxy /usr/bin/cmake --build /home/rsa2021/comp3431-team-neo/starter_code/build/point_pubsub -- -j3 -l3
[0.389s] [35m[1mScanning dependencies of target point_tf[0m
[0.623s] [ 50%] [32mBuilding CXX object CMakeFiles/point_tf.dir/src/publisher_member_function.cpp.o[0m
[4.455s] [01m[K/home/rsa2021/comp3431-team-neo/starter_code/src/point_pubsub/src/publisher_member_function.cpp:[m[K In constructor â€˜[01m[KPointTf::PointTf()[m[Kâ€™:
[4.455s] [01m[K/home/rsa2021/comp3431-team-neo/starter_code/src/point_pubsub/src/publisher_member_function.cpp:18:38:[m[K [01;31m[Kerror: [m[Kunable to find numeric literal operator â€˜[01m[Koperator""ms[m[Kâ€™
[4.455s]    18 |     timer_ = this->create_wall_timer([01;31m[K500ms[m[K, std::bind(&PointTf::timer_callback, this));
[4.455s]       |                                      [01;31m[K^~~~~[m[K
[7.243s] make[2]: *** [CMakeFiles/point_tf.dir/build.make:63: CMakeFiles/point_tf.dir/src/publisher_member_function.cpp.o] Error 1
[7.243s] make[1]: *** [CMakeFiles/Makefile2:78: CMakeFiles/point_tf.dir/all] Error 2
[7.243s] make: *** [Makefile:141: all] Error 2
[7.254s] Invoked command in '/home/rsa2021/comp3431-team-neo/starter_code/build/point_pubsub' returned '2': CMAKE_PREFIX_PATH=/opt/ros/foxy /usr/bin/cmake --build /home/rsa2021/comp3431-team-neo/starter_code/build/point_pubsub -- -j3 -l3
