[01m[K/home/rsa2021/comp3431-team-neo/starter_code/src/comp3431-rsa/point_pubsub/src/publisher_member_function.cpp:[m[K In constructor â€˜[01m[KPointTf::PointTf()[m[Kâ€™:
[01m[K/home/rsa2021/comp3431-team-neo/starter_code/src/comp3431-rsa/point_pubsub/src/publisher_member_function.cpp:22:5:[m[K [01;31m[Kerror: [m[Kâ€˜[01m[Ksubscriber_[m[Kâ€™ was not declared in this scope
   22 |     [01;31m[Ksubscriber_[m[K = this->create_subscription<soccer_vision_msgs::msg::Ball>(
      |     [01;31m[K^~~~~~~~~~~[m[K
[01m[K/home/rsa2021/comp3431-team-neo/starter_code/src/comp3431-rsa/point_pubsub/src/publisher_member_function.cpp:22:45:[m[K [01;31m[Kerror: [m[Kâ€˜[01m[Ksoccer_vision_msgs[m[Kâ€™ was not declared in this scope
   22 |     subscriber_ = this->create_subscription<[01;31m[Ksoccer_vision_msgs[m[K::msg::Ball>(
      |                                             [01;31m[K^~~~~~~~~~~~~~~~~~[m[K
[01m[K/home/rsa2021/comp3431-team-neo/starter_code/src/comp3431-rsa/point_pubsub/src/publisher_member_function.cpp:22:25:[m[K [01;31m[Kerror: [m[Kparse error in template argument list
   22 |     subscriber_ = this->[01;31m[Kcreate_subscription<soccer_vision_msgs::msg::Ball>[m[K(
      |                         [01;31m[K^~~~~~~~~~~~~~~~~~~~~~~~~~~~~~~~~~~~~~~~~~~~~~~~~~[m[K
[01m[K/home/rsa2021/comp3431-team-neo/starter_code/src/comp3431-rsa/point_pubsub/src/publisher_member_function.cpp:24:14:[m[K [01;31m[Kerror: [m[Kâ€˜[01m[Ksoccer_vision_msgs[m[Kâ€™ is not a class, namespace, or enumeration
   24 |       [this]([01;31m[Ksoccer_vision_msgs[m[K::msg::Ball::SharedPtr ball) {
      |              [01;31m[K^~~~~~~~~~~~~~~~~~[m[K
[01m[K/home/rsa2021/comp3431-team-neo/starter_code/src/comp3431-rsa/point_pubsub/src/publisher_member_function.cpp:24:55:[m[K [01;31m[Kerror: [m[Kexpected â€˜[01m[K,[m[Kâ€™ or â€˜[01m[K...[m[Kâ€™ before â€˜[01m[Kball[m[Kâ€™
   24 |       [this](soccer_vision_msgs::msg::Ball::SharedPtr [01;31m[Kball[m[K) {
      |                                                       [01;31m[K^~~~[m[K
[01m[K/home/rsa2021/comp3431-team-neo/starter_code/src/comp3431-rsa/point_pubsub/src/publisher_member_function.cpp:[m[K In lambda function:
[01m[K/home/rsa2021/comp3431-team-neo/starter_code/src/comp3431-rsa/point_pubsub/src/publisher_member_function.cpp:25:38:[m[K [01;31m[Kerror: [m[Kâ€˜[01m[Kball[m[Kâ€™ was not declared in this scope
   25 |         publisher_->publish(convert(*[01;31m[Kball[m[K));
      |                                      [01;31m[K^~~~[m[K
[01m[K/home/rsa2021/comp3431-team-neo/starter_code/src/comp3431-rsa/point_pubsub/src/publisher_member_function.cpp:25:29:[m[K [01;31m[Kerror: [m[Kâ€˜[01m[Kconvert[m[Kâ€™ was not declared in this scope
   25 |         publisher_->publish([01;31m[Kconvert[m[K(*ball));
      |                             [01;31m[K^~~~~~~[m[K
[01m[K/home/rsa2021/comp3431-team-neo/starter_code/src/comp3431-rsa/point_pubsub/src/publisher_member_function.cpp:24:45:[m[K [01;35m[Kwarning: [m[Kunused parameter â€˜[01m[KSharedPtr[m[Kâ€™ [[01;35m[K-Wunused-parameter[m[K]
   24 |       [this]([01;35m[Ksoccer_vision_msgs::msg::Ball::SharedPtr[m[K ball) {
      |              [01;35m[K~~~~~~~~~~~~~~~~~~~~~~~~~~~~~~~^~~~~~~~~[m[K
[01m[K/home/rsa2021/comp3431-team-neo/starter_code/src/comp3431-rsa/point_pubsub/src/publisher_member_function.cpp:[m[K In constructor â€˜[01m[KPointTf::PointTf()[m[Kâ€™:
[01m[K/home/rsa2021/comp3431-team-neo/starter_code/src/comp3431-rsa/point_pubsub/src/publisher_member_function.cpp:26:8:[m[K [01;31m[Kerror: [m[Kno matching function for call to â€˜[01m[KPointTf::create_subscription<<expression error> >(const char [12], int, PointTf::PointTf()::<lambda(int)>)[m[Kâ€™
   26 |       }[01;31m[K)[m[K;
      |        [01;31m[K^[m[K
In file included from [01m[K/opt/ros/foxy/include/rclcpp/executors/single_threaded_executor.hpp:28[m[K,
                 from [01m[K/opt/ros/foxy/include/rclcpp/executors.hpp:22[m[K,
                 from [01m[K/opt/ros/foxy/include/rclcpp/rclcpp.hpp:146[m[K,
                 from [01m[K/home/rsa2021/comp3431-team-neo/starter_code/src/comp3431-rsa/point_pubsub/src/publisher_member_function.cpp:4[m[K:
[01m[K/opt/ros/foxy/include/rclcpp/node.hpp:213:3:[m[K [01;36m[Knote: [m[Kcandidate: â€˜[01m[Ktemplate<class MessageT, class CallbackT, class AllocatorT, class CallbackMessageT, class SubscriptionT, class MessageMemoryStrategyT> std::shared_ptr<SubscriptionT> rclcpp::Node::create_subscription(const string&, const rclcpp::QoS&, CallbackT&&, const rclcpp::SubscriptionOptionsWithAllocator<AllocatorT>&, typename MessageMemoryStrategyT::SharedPtr)[m[Kâ€™
  213 |   [01;36m[Kcreate_subscription[m[K(
      |   [01;36m[K^~~~~~~~~~~~~~~~~~~[m[K
[01m[K/opt/ros/foxy/include/rclcpp/node.hpp:213:3:[m[K [01;36m[Knote: [m[K  template argument deduction/substitution failed:
[01m[K/home/rsa2021/comp3431-team-neo/starter_code/src/comp3431-rsa/point_pubsub/src/publisher_member_function.cpp:26:8:[m[K [01;31m[Kerror: [m[Ktemplate argument 1 is invalid
   26 |       }[01;31m[K)[m[K;
      |        [01;31m[K^[m[K
make[2]: *** [CMakeFiles/point_tf.dir/build.make:63: CMakeFiles/point_tf.dir/src/publisher_member_function.cpp.o] Error 1
make[1]: *** [CMakeFiles/Makefile2:78: CMakeFiles/point_tf.dir/all] Error 2
make: *** [Makefile:141: all] Error 2
