[0.115s] Invoking command in '/home/rsa2021/comp3431-team-neo/starter_code/build/point_pubsub': CMAKE_PREFIX_PATH=${CMAKE_PREFIX_PATH}:/opt/ros/foxy /usr/bin/cmake --build /home/rsa2021/comp3431-team-neo/starter_code/build/point_pubsub -- -j3 -l3
[0.523s] [35m[1mScanning dependencies of target point_tf[0m
[0.634s] [ 50%] [32mBuilding CXX object CMakeFiles/point_tf.dir/src/publisher_member_function.cpp.o[0m
[10.578s] [01m[K/home/rsa2021/comp3431-team-neo/starter_code/src/comp3431-rsa/point_pubsub/src/publisher_member_function.cpp:[m[K In member function â€˜[01m[Kvisualization_msgs::msg::Marker PointTf::convert(geometry_msgs::msg::PointStamped)[m[Kâ€™:
[10.578s] [01m[K/home/rsa2021/comp3431-team-neo/starter_code/src/comp3431-rsa/point_pubsub/src/publisher_member_function.cpp:70:7:[m[K [01;31m[Kerror: [m[Kâ€˜[01m[KtransformStamped[m[Kâ€™ was not declared in this scope
[10.578s]    70 |       [01;31m[KtransformStamped[m[K = tf_buffer_->lookupTransform(
[10.578s]       |       [01;31m[K^~~~~~~~~~~~~~~~[m[K
[10.586s] [01m[K/home/rsa2021/comp3431-team-neo/starter_code/src/comp3431-rsa/point_pubsub/src/publisher_member_function.cpp:70:26:[m[K [01;31m[Kerror: [m[Kâ€˜[01m[Ktf_buffer_[m[Kâ€™ was not declared in this scope
[10.587s]    70 |       transformStamped = [01;31m[Ktf_buffer_[m[K->lookupTransform(
[10.588s]       |                          [01;31m[K^~~~~~~~~~[m[K
[10.591s] [01m[K/home/rsa2021/comp3431-team-neo/starter_code/src/comp3431-rsa/point_pubsub/src/publisher_member_function.cpp:76:7:[m[K [01;31m[Kerror: [m[Kreturn-statement with no value, in function returning â€˜[01m[Kvisualization_msgs::msg::Marker[m[Kâ€™ {aka â€˜[01m[Kvisualization_msgs::msg::Marker_<std::allocator<void> >[m[Kâ€™} [[01;31m[K-fpermissive[m[K]
[10.592s]    76 |       [01;31m[Kreturn[m[K;
[10.592s]       |       [01;31m[K^~~~~~[m[K
[10.592s] [01m[K/home/rsa2021/comp3431-team-neo/starter_code/src/comp3431-rsa/point_pubsub/src/publisher_member_function.cpp:80:35:[m[K [01;31m[Kerror: [m[Kexpected â€˜[01m[K;[m[Kâ€™ before â€˜[01m[Kmarker[m[Kâ€™
[10.592s]    80 |     marker.header.frame_id = "map"
[10.592s]       |                                   [01;31m[K^[m[K
[10.592s]       |                                   [32m[K;[m[K
[10.592s]    81 |     [32m[Kmarker[m[K.ns = "";
[10.592s]       |     [32m[K~~~~~~[m[K                         
[10.596s] [01m[K/home/rsa2021/comp3431-team-neo/starter_code/src/comp3431-rsa/point_pubsub/src/publisher_member_function.cpp:85:30:[m[K [01;31m[Kerror: [m[Kâ€˜[01m[KtransformStamped[m[Kâ€™ was not declared in this scope
[10.596s]    85 |     marker.pose.position.x = [01;31m[KtransformStamped[m[K.transform.translation.x;
[10.596s]       |                              [01;31m[K^~~~~~~~~~~~~~~~[m[K
[21.581s] make[2]: *** [CMakeFiles/point_tf.dir/build.make:63: CMakeFiles/point_tf.dir/src/publisher_member_function.cpp.o] Error 1
[21.594s] make[1]: *** [CMakeFiles/Makefile2:78: CMakeFiles/point_tf.dir/all] Error 2
[21.596s] make: *** [Makefile:141: all] Error 2
[21.638s] Invoked command in '/home/rsa2021/comp3431-team-neo/starter_code/build/point_pubsub' returned '2': CMAKE_PREFIX_PATH=${CMAKE_PREFIX_PATH}:/opt/ros/foxy /usr/bin/cmake --build /home/rsa2021/comp3431-team-neo/starter_code/build/point_pubsub -- -j3 -l3
